<?xml version="1.0" encoding="UTF-8"?>
<testsuite xmlns:xsi="http://www.w3.org/2001/XMLSchema-instance" xsi:noNamespaceSchemaLocation="https://maven.apache.org/surefire/maven-surefire-plugin/xsd/surefire-test-report.xsd" version="3.0.2" name="com.controller.ShangpaiControllerIntegrationTest" time="3.754" tests="5" errors="0" skipped="0" failures="0">
  <properties>
[...]
</properties>
  <testcase name="testProgressDetail_OwnApplication" classname="com.controller.ShangpaiControllerIntegrationTest" time="3.036">
    <system-out><![CDATA[2026-06-12 21:31:56 -0    [main] DEBUG   - Adding PropertySource 'systemProperties' with lowest search precedence
2026-06-12 21:31:56 -7    [main] DEBUG   - Adding PropertySource 'systemEnvironment' with lowest search precedence
2026-06-12 21:31:56 -8    [main] DEBUG   - Initialized StandardEnvironment with PropertySources [MapPropertySource@1871312485 {name='systemProperties', properties={java.specification.version=17, sun.cpu.isalist=amd64, sun.jnu.encoding=GBK, java.class.path=C:\Users\13292\Desktop\claudel1\reposNew\task47\diandongcheshangpai\target\test-classes;C:\Users\13292\Desktop\claudel1\reposNew\task47\diandongcheshangpai\target\classes;C:\Users\13292\.m2\repository\junit\junit\4.12\junit-4.12.jar;C:\Users\13292\.m2\repository\org\hamcrest\hamcrest-core\1.3\hamcrest-core-1.3.jar;C:\Users\13292\.m2\repository\org\springframework\spring-core\5.0.0.RELEASE\spring-core-5.0.0.RELEASE.jar;C:\Users\13292\.m2\repository\org\springframework\spring-jcl\5.0.0.RELEASE\spring-jcl-5.0.0.RELEASE.jar;C:\Users\13292\.m2\repository\org\springframework\spring-context\5.0.0.RELEASE\spring-context-5.0.0.RELEASE.jar;C:\Users\13292\.m2\repository\org\springframework\spring-expression\5.0.0.RELEASE\spring-expression-5.0.0.RELEASE.jar;C:\Users\13292\.m2\repository\org\springframework\spring-context-support\5.0.0.RELEASE\spring-context-support-5.0.0.RELEASE.jar;C:\Users\13292\.m2\repository\org\springframework\spring-tx\5.0.0.RELEASE\spring-tx-5.0.0.RELEASE.jar;C:\Users\13292\.m2\repository\org\springframework\spring-aop\5.0.0.RELEASE\spring-aop-5.0.0.RELEASE.jar;C:\Users\13292\.m2\repository\org\springframework\spring-beans\5.0.0.RELEASE\spring-beans-5.0.0.RELEASE.jar;C:\Users\13292\.m2\repository\org\springframework\spring-jdbc\5.0.0.RELEASE\spring-jdbc-5.0.0.RELEASE.jar;C:\Users\13292\.m2\repository\org\springframework\spring-web\5.0.0.RELEASE\spring-web-5.0.0.RELEASE.jar;C:\Users\13292\.m2\repository\org\springframework\spring-webmvc\5.0.0.RELEASE\spring-webmvc-5.0.0.RELEASE.jar;C:\Users\13292\.m2\repository\org\aspectj\aspectjweaver\1.8.8\aspectjweaver-1.8.8.jar;C:\Users\13292\.m2\repository\commons-fileupload\commons-fileupload\1.3.1\commons-fileupload-1.3.1.jar;C:\Users\13292\.m2\repository\javax\servlet\jstl\1.2\jstl-1.2.jar;C:\Users\13292\.m2\repository\com\baomidou\mybatis-plus\2.3\mybatis-plus-2.3.jar;C:\Users\13292\.m2\repository\com\baomidou\mybatis-plus-support\2.3\mybatis-plus-support-2.3.jar;C:\Users\13292\.m2\repository\com\baomidou\mybatis-plus-core\2.3\mybatis-plus-core-2.3.jar;C:\Users\13292\.m2\repository\com\github\jsqlparser\jsqlparser\1.1\jsqlparser-1.1.jar;C:\Users\13292\.m2\repository\org\mybatis\mybatis-spring\1.3.2\mybatis-spring-1.3.2.jar;C:\Users\13292\.m2\repository\org\mybatis\mybatis\3.4.6\mybatis-3.4.6.jar;C:\Users\13292\.m2\repository\com\baomidou\mybatis-plus-generate\2.3\mybatis-plus-generate-2.3.jar;C:\Users\13292\.m2\repository\mysql\mysql-connector-java\5.1.38\mysql-connector-java-5.1.38.jar;C:\Users\13292\.m2\repository\com\alibaba\druid\1.1.0\druid-1.1.0.jar;C:\Users\13292\.m2\repository\com\alibaba\fastjson\1.2.8\fastjson-1.2.8.jar;C:\Users\13292\.m2\repository\log4j\log4j\1.2.17\log4j-1.2.17.jar;C:\Users\13292\.m2\repository\org\slf4j\slf4j-api\1.7.19\slf4j-api-1.7.19.jar;C:\Users\13292\.m2\repository\org\slf4j\slf4j-log4j12\1.7.19\slf4j-log4j12-1.7.19.jar;C:\Users\13292\.m2\repository\org\springframework\spring-test\5.0.0.RELEASE\spring-test-5.0.0.RELEASE.jar;C:\Users\13292\.m2\repository\org\mockito\mockito-core\2.28.2\mockito-core-2.28.2.jar;C:\Users\13292\.m2\repository\net\bytebuddy\byte-buddy\1.9.10\byte-buddy-1.9.10.jar;C:\Users\13292\.m2\repository\net\bytebuddy\byte-buddy-agent\1.9.10\byte-buddy-agent-1.9.10.jar;C:\Users\13292\.m2\repository\org\objenesis\objenesis\2.6\objenesis-2.6.jar;C:\Users\13292\.m2\repository\javax\xml\bind\jaxb-api\2.3.1\jaxb-api-2.3.1.jar;C:\Users\13292\.m2\repository\javax\activation\javax.activation-api\1.2.0\javax.activation-api-1.2.0.jar;C:\Users\13292\.m2\repository\com\jayway\jsonpath\json-path\2.4.0\json-path-2.4.0.jar;C:\Users\13292\.m2\repository\net\minidev\json-smart\2.3\json-smart-2.3.jar;C:\Users\13292\.m2\repository\net\minidev\accessors-smart\1.2\accessors-smart-1.2.jar;C:\Users\13292\.m2\repository\org\ow2\asm\asm\5.0.4\asm-5.0.4.jar;C:\Users\13292\.m2\repository\org\apache\commons\commons-lang3\3.0\commons-lang3-3.0.jar;C:\Users\13292\.m2\repository\javax\validation\validation-api\2.0.1.Final\validation-api-2.0.1.Final.jar;C:\Users\13292\.m2\repository\commons-io\commons-io\2.5\commons-io-2.5.jar;C:\Users\13292\.m2\repository\cn\hutool\hutool-all\4.0.12\hutool-all-4.0.12.jar;C:\Users\13292\.m2\repository\org\apache\tomcat\embed\tomcat-embed-core\9.0.29\tomcat-embed-core-9.0.29.jar;C:\Users\13292\.m2\repository\org\apache\tomcat\tomcat-annotations-api\9.0.29\tomcat-annotations-api-9.0.29.jar;C:\Users\13292\.m2\repository\commons-beanutils\commons-beanutils\1.8.0\commons-beanutils-1.8.0.jar;C:\Users\13292\.m2\repository\commons-logging\commons-logging\1.1.1\commons-logging-1.1.1.jar;C:\Users\13292\.m2\repository\com\fasterxml\jackson\core\jackson-annotations\2.10.1\jackson-annotations-2.10.1.jar;C:\Users\13292\.m2\repository\com\fasterxml\jackson\core\jackson-databind\2.10.1\jackson-databind-2.10.1.jar;C:\Users\13292\.m2\repository\com\fasterxml\jackson\core\jackson-core\2.10.1\jackson-core-2.10.1.jar;C:\Users\13292\.m2\repository\org\codehaus\jackson\jackson-mapper-asl\1.9.13\jackson-mapper-asl-1.9.13.jar;C:\Users\13292\.m2\repository\org\codehaus\jackson\jackson-core-asl\1.9.13\jackson-core-asl-1.9.13.jar;C:\Users\13292\.m2\repository\javax\servlet\jsp\jsp-api\2.1\jsp-api-2.1.jar;C:\Users\13292\.m2\repository\com\baidu\aip\java-sdk\4.4.1\java-sdk-4.4.1.jar;C:\Users\13292\.m2\repository\org\json\json\20160810\json-20160810.jar;C:\Users\13292\.m2\repository\org\apache\tomcat\embed\tomcat-embed-jasper\9.0.27\tomcat-embed-jasper-9.0.27.jar;C:\Users\13292\.m2\repository\org\apache\tomcat\embed\tomcat-embed-el\9.0.27\tomcat-embed-el-9.0.27.jar;C:\Users\13292\.m2\repository\org\eclipse\jdt\ecj\3.18.0\ecj-3.18.0.jar;C:\Users\13292\.m2\repository\org\hibernate\hibernate-validator\5.2.4.Final\hibernate-validator-5.2.4.Final.jar;C:\Users\13292\.m2\repository\org\jboss\logging\jboss-logging\3.2.1.Final\jboss-logging-3.2.1.Final.jar;C:\Users\13292\.m2\repository\com\fasterxml\classmate\1.1.0\classmate-1.1.0.jar;C:\Users\13292\.m2\repository\org\apache\poi\poi-scratchpad\3.11-beta2\poi-scratchpad-3.11-beta2.jar;C:\Users\13292\.m2\repository\org\apache\poi\poi\3.11-beta2\poi-3.11-beta2.jar;C:\Users\13292\.m2\repository\commons-codec\commons-codec\1.9\commons-codec-1.9.jar;C:\Users\13292\.m2\repository\org\apache\poi\poi-ooxml\3.11-beta2\poi-ooxml-3.11-beta2.jar;C:\Users\13292\.m2\repository\org\apache\poi\poi-ooxml-schemas\3.11-beta2\poi-ooxml-schemas-3.11-beta2.jar;C:\Users\13292\.m2\repository\org\apache\xmlbeans\xmlbeans\2.6.0\xmlbeans-2.6.0.jar;C:\Users\13292\.m2\repository\stax\stax-api\1.0.1\stax-api-1.0.1.jar;C:\Users\13292\.m2\repository\org\apache\poi\poi-excelant\3.11-beta2\poi-excelant-3.11-beta2.jar;C:\Users\13292\.m2\repository\org\apache\ant\ant\1.8.2\ant-1.8.2.jar;C:\Users\13292\.m2\repository\org\apache\ant\ant-launcher\1.8.2\ant-launcher-1.8.2.jar;, java.vm.vendor=Microsoft, sun.arch.data.model=64, user.variant=, java.vendor.url=https://www.microsoft.com, user.timezone=GMT+08:00, java.vm.specification.version=17, os.name=Windows 10, sun.java.launcher=SUN_STANDARD, user.country=CN, sun.boot.library.path=C:\Users\13292\.jdks\ms-17.0.19\bin, sun.java.command=C:\Users\13292\AppData\Local\Temp\surefire11372997374780968477\surefirebooter-20260612213153074_3.jar C:\Users\13292\AppData\Local\Temp\surefire11372997374780968477 2026-06-12T21-31-52_618-jvmRun1 surefire-20260612213153074_1tmp surefire_0-20260612213153074_2tmp, jdk.debug=release, surefire.test.class.path=C:\Users\13292\Desktop\claudel1\reposNew\task47\diandongcheshangpai\target\test-classes;C:\Users\13292\Desktop\claudel1\reposNew\task47\diandongcheshangpai\target\classes;C:\Users\13292\.m2\repository\junit\junit\4.12\junit-4.12.jar;C:\Users\13292\.m2\repository\org\hamcrest\hamcrest-core\1.3\hamcrest-core-1.3.jar;C:\Users\13292\.m2\repository\org\springframework\spring-core\5.0.0.RELEASE\spring-core-5.0.0.RELEASE.jar;C:\Users\13292\.m2\repository\org\springframework\spring-jcl\5.0.0.RELEASE\spring-jcl-5.0.0.RELEASE.jar;C:\Users\13292\.m2\repository\org\springframework\spring-context\5.0.0.RELEASE\spring-context-5.0.0.RELEASE.jar;C:\Users\13292\.m2\repository\org\springframework\spring-expression\5.0.0.RELEASE\spring-expression-5.0.0.RELEASE.jar;C:\Users\13292\.m2\repository\org\springframework\spring-context-support\5.0.0.RELEASE\spring-context-support-5.0.0.RELEASE.jar;C:\Users\13292\.m2\repository\org\springframework\spring-tx\5.0.0.RELEASE\spring-tx-5.0.0.RELEASE.jar;C:\Users\13292\.m2\repository\org\springframework\spring-aop\5.0.0.RELEASE\spring-aop-5.0.0.RELEASE.jar;C:\Users\13292\.m2\repository\org\springframework\spring-beans\5.0.0.RELEASE\spring-beans-5.0.0.RELEASE.jar;C:\Users\13292\.m2\repository\org\springframework\spring-jdbc\5.0.0.RELEASE\spring-jdbc-5.0.0.RELEASE.jar;C:\Users\13292\.m2\repository\org\springframework\spring-web\5.0.0.RELEASE\spring-web-5.0.0.RELEASE.jar;C:\Users\13292\.m2\repository\org\springframework\spring-webmvc\5.0.0.RELEASE\spring-webmvc-5.0.0.RELEASE.jar;C:\Users\13292\.m2\repository\org\aspectj\aspectjweaver\1.8.8\aspectjweaver-1.8.8.jar;C:\Users\13292\.m2\repository\commons-fileupload\commons-fileupload\1.3.1\commons-fileupload-1.3.1.jar;C:\Users\13292\.m2\repository\javax\servlet\jstl\1.2\jstl-1.2.jar;C:\Users\13292\.m2\repository\com\baomidou\mybatis-plus\2.3\mybatis-plus-2.3.jar;C:\Users\13292\.m2\repository\com\baomidou\mybatis-plus-support\2.3\mybatis-plus-support-2.3.jar;C:\Users\13292\.m2\repository\com\baomidou\mybatis-plus-core\2.3\mybatis-plus-core-2.3.jar;C:\Users\13292\.m2\repository\com\github\jsqlparser\jsqlparser\1.1\jsqlparser-1.1.jar;C:\Users\13292\.m2\repository\org\mybatis\mybatis-spring\1.3.2\mybatis-spring-1.3.2.jar;C:\Users\13292\.m2\repository\org\mybatis\mybatis\3.4.6\mybatis-3.4.6.jar;C:\Users\13292\.m2\repository\com\baomidou\mybatis-plus-generate\2.3\mybatis-plus-generate-2.3.jar;C:\Users\13292\.m2\repository\mysql\mysql-connector-java\5.1.38\mysql-connector-java-5.1.38.jar;C:\Users\13292\.m2\repository\com\alibaba\druid\1.1.0\druid-1.1.0.jar;C:\Users\13292\.m2\repository\com\alibaba\fastjson\1.2.8\fastjson-1.2.8.jar;C:\Users\13292\.m2\repository\log4j\log4j\1.2.17\log4j-1.2.17.jar;C:\Users\13292\.m2\repository\org\slf4j\slf4j-api\1.7.19\slf4j-api-1.7.19.jar;C:\Users\13292\.m2\repository\org\slf4j\slf4j-log4j12\1.7.19\slf4j-log4j12-1.7.19.jar;C:\Users\13292\.m2\repository\org\springframework\spring-test\5.0.0.RELEASE\spring-test-5.0.0.RELEASE.jar;C:\Users\13292\.m2\repository\org\mockito\mockito-core\2.28.2\mockito-core-2.28.2.jar;C:\Users\13292\.m2\repository\net\bytebuddy\byte-buddy\1.9.10\byte-buddy-1.9.10.jar;C:\Users\13292\.m2\repository\net\bytebuddy\byte-buddy-agent\1.9.10\byte-buddy-agent-1.9.10.jar;C:\Users\13292\.m2\repository\org\objenesis\objenesis\2.6\objenesis-2.6.jar;C:\Users\13292\.m2\repository\javax\xml\bind\jaxb-api\2.3.1\jaxb-api-2.3.1.jar;C:\Users\13292\.m2\repository\javax\activation\javax.activation-api\1.2.0\javax.activation-api-1.2.0.jar;C:\Users\13292\.m2\repository\com\jayway\jsonpath\json-path\2.4.0\json-path-2.4.0.jar;C:\Users\13292\.m2\repository\net\minidev\json-smart\2.3\json-smart-2.3.jar;C:\Users\13292\.m2\repository\net\minidev\accessors-smart\1.2\accessors-smart-1.2.jar;C:\Users\13292\.m2\repository\org\ow2\asm\asm\5.0.4\asm-5.0.4.jar;C:\Users\13292\.m2\repository\org\apache\commons\commons-lang3\3.0\commons-lang3-3.0.jar;C:\Users\13292\.m2\repository\javax\validation\validation-api\2.0.1.Final\validation-api-2.0.1.Final.jar;C:\Users\13292\.m2\repository\commons-io\commons-io\2.5\commons-io-2.5.jar;C:\Users\13292\.m2\repository\cn\hutool\hutool-all\4.0.12\hutool-all-4.0.12.jar;C:\Users\13292\.m2\repository\org\apache\tomcat\embed\tomcat-embed-core\9.0.29\tomcat-embed-core-9.0.29.jar;C:\Users\13292\.m2\repository\org\apache\tomcat\tomcat-annotations-api\9.0.29\tomcat-annotations-api-9.0.29.jar;C:\Users\13292\.m2\repository\commons-beanutils\commons-beanutils\1.8.0\commons-beanutils-1.8.0.jar;C:\Users\13292\.m2\repository\commons-logging\commons-logging\1.1.1\commons-logging-1.1.1.jar;C:\Users\13292\.m2\repository\com\fasterxml\jackson\core\jackson-annotations\2.10.1\jackson-annotations-2.10.1.jar;C:\Users\13292\.m2\repository\com\fasterxml\jackson\core\jackson-databind\2.10.1\jackson-databind-2.10.1.jar;C:\Users\13292\.m2\repository\com\fasterxml\jackson\core\jackson-core\2.10.1\jackson-core-2.10.1.jar;C:\Users\13292\.m2\repository\org\codehaus\jackson\jackson-mapper-asl\1.9.13\jackson-mapper-asl-1.9.13.jar;C:\Users\13292\.m2\repository\org\codehaus\jackson\jackson-core-asl\1.9.13\jackson-core-asl-1.9.13.jar;C:\Users\13292\.m2\repository\javax\servlet\jsp\jsp-api\2.1\jsp-api-2.1.jar;C:\Users\13292\.m2\repository\com\baidu\aip\java-sdk\4.4.1\java-sdk-4.4.1.jar;C:\Users\13292\.m2\repository\org\json\json\20160810\json-20160810.jar;C:\Users\13292\.m2\repository\org\apache\tomcat\embed\tomcat-embed-jasper\9.0.27\tomcat-embed-jasper-9.0.27.jar;C:\Users\13292\.m2\repository\org\apache\tomcat\embed\tomcat-embed-el\9.0.27\tomcat-embed-el-9.0.27.jar;C:\Users\13292\.m2\repository\org\eclipse\jdt\ecj\3.18.0\ecj-3.18.0.jar;C:\Users\13292\.m2\repository\org\hibernate\hibernate-validator\5.2.4.Final\hibernate-validator-5.2.4.Final.jar;C:\Users\13292\.m2\repository\org\jboss\logging\jboss-logging\3.2.1.Final\jboss-logging-3.2.1.Final.jar;C:\Users\13292\.m2\repository\com\fasterxml\classmate\1.1.0\classmate-1.1.0.jar;C:\Users\13292\.m2\repository\org\apache\poi\poi-scratchpad\3.11-beta2\poi-scratchpad-3.11-beta2.jar;C:\Users\13292\.m2\repository\org\apache\poi\poi\3.11-beta2\poi-3.11-beta2.jar;C:\Users\13292\.m2\repository\commons-codec\commons-codec\1.9\commons-codec-1.9.jar;C:\Users\13292\.m2\repository\org\apache\poi\poi-ooxml\3.11-beta2\poi-ooxml-3.11-beta2.jar;C:\Users\13292\.m2\repository\org\apache\poi\poi-ooxml-schemas\3.11-beta2\poi-ooxml-schemas-3.11-beta2.jar;C:\Users\13292\.m2\repository\org\apache\xmlbeans\xmlbeans\2.6.0\xmlbeans-2.6.0.jar;C:\Users\13292\.m2\repository\stax\stax-api\1.0.1\stax-api-1.0.1.jar;C:\Users\13292\.m2\repository\org\apache\poi\poi-excelant\3.11-beta2\poi-excelant-3.11-beta2.jar;C:\Users\13292\.m2\repository\org\apache\ant\ant\1.8.2\ant-1.8.2.jar;C:\Users\13292\.m2\repository\org\apache\ant\ant-launcher\1.8.2\ant-launcher-1.8.2.jar;, sun.cpu.endian=little, user.home=C:\Users\13292, user.language=zh, java.specification.vendor=Oracle Corporation, java.version.date=2026-04-21, java.home=C:\Users\13292\.jdks\ms-17.0.19, file.separator=\, basedir=C:\Users\13292\Desktop\claudel1\reposNew\task47\diandongcheshangpai, java.vm.compressedOopsMode=Zero based, line.separator=
, java.vm.specification.vendor=Oracle Corporation, java.specification.name=Java Platform API Specification, surefire.real.class.path=C:\Users\13292\AppData\Local\Temp\surefire11372997374780968477\surefirebooter-20260612213153074_3.jar, user.script=, sun.management.compiler=HotSpot 64-Bit Tiered Compilers, java.runtime.version=17.0.19+10-LTS, user.name=13292, path.separator=;, os.version=10.0, java.runtime.name=OpenJDK Runtime Environment, file.encoding=GBK, java.vm.name=OpenJDK 64-Bit Server VM, java.vendor.version=Microsoft-13877129, localRepository=C:\Users\13292\.m2\repository, java.vendor.url.bug=https://github.com/microsoft/openjdk/issues, java.io.tmpdir=C:\Users\13292\AppData\Local\Temp\, java.version=17.0.19, user.dir=C:\Users\13292\Desktop\claudel1\reposNew\task47\diandongcheshangpai, os.arch=amd64, java.vm.specification.name=Java Virtual Machine Specification, sun.os.patch.level=, native.encoding=GBK, java.library.path=C:\Users\13292\.jdks\ms-17.0.19\bin;C:\Windows\Sun\Java\bin;C:\Windows\system32;C:\Windows;C:\Program Files\Git\mingw64\bin;C:\Program Files\Git\usr\bin;C:\Users\13292\bin;C:\Users\13292\bin;C:\Program Files\Git\mingw64\bin;C:\Program Files\Git\usr\local\bin;C:\Program Files\Git\usr\bin;C:\Program Files\Git\usr\bin;C:\Program Files\Git\mingw64\bin;C:\Program Files\Git\usr\bin;C:\Users\13292\bin;C:\windows\system32;C:\windows;C:\windows\System32\Wbem;C:\windows\System32\WindowsPowerShell\v1.0;C:\windows\System32\OpenSSH;C:\Program Files (x86)\NVIDIA Corporation\PhysX\Common;C:\Program Files\NVIDIA Corporation\NVIDIA NvDLISR;C:\Windows\system32;C:\Windows;C:\Windows\System32\Wbem;C:\Windows\System32\WindowsPowerShell\v1.0;C:\Windows\System32\OpenSSH;C:\Program Files\dotnet;C:\Users\13292\AppData\Local\nvm;C:\nvm4w\nodejs;C:\serverPath\apache-maven-3.9.16\bin;C:\Program Files\Git\cmd;C:\Program Files\cursor\resources\app\bin;C:\Users\13292\.jdks\ms-17.0.19\bin;C:\Program Files\Go\bin;C:\Program Files\GitHub CLI;C:\Users\13292\AppData\Local\Programs\Python\Python312\Scripts;C:\Users\13292\AppData\Local\Programs\Python\Python312;C:\Users\13292\AppData\Local\Microsoft\WindowsApps;C:\Users\13292\AppData\Local\nvm;C:\nvm4w\nodejs;C:\Program Files\JetBrains\IntelliJ IDEA 2026.1.2\bin;C:\Users\13292\go\bin;C:\Program Files\Git\usr\bin\vendor_perl;C:\Program Files\Git\usr\bin\core_perl;., java.vm.info=mixed mode, sharing, java.vendor=Microsoft, java.vm.version=17.0.19+10-LTS, java.specification.maintenance.version=1, sun.io.unicode.encoding=UnicodeLittle, java.class.version=61.0}}, SystemEnvironmentPropertySource@233951222 {name='systemEnvironment', properties={PATH=C:\Program Files\Git\mingw64\bin;C:\Program Files\Git\usr\bin;C:\Users\13292\bin;C:\Users\13292\bin;C:\Program Files\Git\mingw64\bin;C:\Program Files\Git\usr\local\bin;C:\Program Files\Git\usr\bin;C:\Program Files\Git\usr\bin;C:\Program Files\Git\mingw64\bin;C:\Program Files\Git\usr\bin;C:\Users\13292\bin;C:\windows\system32;C:\windows;C:\windows\System32\Wbem;C:\windows\System32\WindowsPowerShell\v1.0;C:\windows\System32\OpenSSH;C:\Program Files (x86)\NVIDIA Corporation\PhysX\Common;C:\Program Files\NVIDIA Corporation\NVIDIA NvDLISR;C:\Windows\system32;C:\Windows;C:\Windows\System32\Wbem;C:\Windows\System32\WindowsPowerShell\v1.0;C:\Windows\System32\OpenSSH;C:\Program Files\dotnet;C:\Users\13292\AppData\Local\nvm;C:\nvm4w\nodejs;C:\serverPath\apache-maven-3.9.16\bin;C:\Program Files\Git\cmd;C:\Program Files\cursor\resources\app\bin;C:\Users\13292\.jdks\ms-17.0.19\bin;C:\Program Files\Go\bin;C:\Program Files\GitHub CLI;C:\Users\13292\AppData\Local\Programs\Python\Python312\Scripts;C:\Users\13292\AppData\Local\Programs\Python\Python312;C:\Users\13292\AppData\Local\Microsoft\WindowsApps;C:\Users\13292\AppData\Local\nvm;C:\nvm4w\nodejs;C:\Program Files\JetBrains\IntelliJ IDEA 2026.1.2\bin;C:\Users\13292\go\bin;C:\Program Files\Git\usr\bin\vendor_perl;C:\Program Files\Git\usr\bin\core_perl, PKG_CONFIG_PATH=C:\Program Files\Git\mingw64\lib\pkgconfig;C:\Program Files\Git\mingw64\share\pkgconfig, NVM_SYMLINK=C:\nvm4w\nodejs, CONFIG_SITE=C:/Program Files/Git/etc/config.site, SESSIONNAME=Console, ALLUSERSPROFILE=C:\ProgramData, GATEWAY_VM_OPTIONS=C:\serverPath\pojie2099\vmoptions\gateway.vmoptions, COREPACK_ENABLE_AUTO_PIN=0, ORIGINAL_TEMP=C:/Users/13292/AppData/Local/Temp, PROGRAMFILES=C:\Program Files, PSMODULEPATH=C:\Program Files\WindowsPowerShell\Modules;C:\Windows\system32\WindowsPowerShell\v1.0\Modules, NODEFAULTCURRENTDIRECTORYINEXEPATH=1, USERNAME=13292, PWD=C:/Users/13292/Desktop/claudel1/reposNew/task47/diandongcheshangpai, STUDIO_VM_OPTIONS=C:\serverPath\pojie2099\vmoptions\studio.vmoptions, TERM_PROGRAM_VERSION=3.8.2, FPS_BROWSER_USER_PROFILE_STRING=Default, PATHEXT=.COM;.EXE;.BAT;.CMD;.VBS;.VBE;.JS;.JSE;.WSF;.WSH;.MSC, APPCODE_VM_OPTIONS=C:\serverPath\pojie2099\vmoptions\appcode.vmoptions, ORIGINAL_TMP=C:/Users/13292/AppData/Local/Temp, HOMEPATH=\Users\13292, PROCESSOR_IDENTIFIER=Intel64 Family 6 Model 165 Stepping 2, GenuineIntel, PUBLIC=C:\Users\Public, ANTHROPIC_BASE_URL=https://dashscope.aliyuncs.com/apps/anthropic, LC_CTYPE=zh_CN.UTF-8, EXEPATH=C:\Program Files\Git\bin, SHLVL=2, ZES_ENABLE_SYSMAN=1, ORIGINAL_PATH=C:\Program Files\Git\mingw64\bin;C:\Program Files\Git\usr\bin;C:\Users\13292\bin;C:\windows\system32;C:\windows;C:\windows\System32\Wbem;C:\windows\System32\WindowsPowerShell\v1.0;C:\windows\System32\OpenSSH;C:\Program Files (x86)\NVIDIA Corporation\PhysX\Common;C:\Program Files\NVIDIA Corporation\NVIDIA NvDLISR;C:\Windows\system32;C:\Windows;C:\Windows\System32\Wbem;C:\Windows\System32\WindowsPowerShell\v1.0;C:\Windows\System32\OpenSSH;C:\Program Files\dotnet;C:\Users\13292\AppData\Local\nvm;C:\nvm4w\nodejs;C:\serverPath\apache-maven-3.9.16\bin;C:\Program Files\Git\cmd;C:\Program Files\cursor\resources\app\bin;C:\Users\13292\.jdks\ms-17.0.19\bin;C:\Program Files\Go\bin;C:\Program Files\GitHub CLI;C:\Users\13292\AppData\Local\Programs\Python\Python312\Scripts;C:\Users\13292\AppData\Local\Programs\Python\Python312;C:\Users\13292\AppData\Local\Microsoft\WindowsApps;C:\Users\13292\AppData\Local\nvm;C:\nvm4w\nodejs;C:\Program Files\JetBrains\IntelliJ IDEA 2026.1.2\bin;C:\Users\13292\go\bin, FPS_BROWSER_APP_PROFILE_STRING=Internet Explorer, WEBSTORM_VM_OPTIONS=C:\serverPath\pojie2099\vmoptions\webstorm.vmoptions, PROMPT=$P$G, CLION_VM_OPTIONS=C:\serverPath\pojie2099\vmoptions\clion.vmoptions, GIT_EDITOR=true, PROGRAMFILES(X86)=C:\Program Files (x86), TERM=xterm, ANTHROPIC_API_KEY=sk-bc6ab60613d948ac9dcd7f45101112d6, ONLINESERVICES=Online Services, GOLAND_VM_OPTIONS=C:\serverPath\pojie2099\vmoptions\goland.vmoptions, MSYSTEM=MINGW64, =C:=C:\Users\13292\Desktop\claudel1\reposNew\task47\diandongcheshangpai, APPDATA=C:\Users\13292\AppData\Roaming, JETBRAINS_CLIENT_VM_OPTIONS=C:\serverPath\pojie2099\vmoptions\jetbrains_client.vmoptions, OTEL_EXPORTER_OTLP_ENDPOINT=http://sunfire-ingestion-external.alibaba-inc.com, TERM_PROGRAM=mintty, COMPUTERNAME=LAPTOP-4P0OPOK9, MAVEN_PROJECTBASEDIR=C:/Users/13292/Desktop/claudel1/reposNew/task47/diandongcheshangpai, ACLOCAL_PATH=C:\Program Files\Git\mingw64\share\aclocal;C:\Program Files\Git\usr\share\aclocal, MSYSTEM_CARCH=x86_64, WEBIDE_VM_OPTIONS=C:\serverPath\pojie2099\vmoptions\webide.vmoptions, HOMEDRIVE=C:, NUMBER_OF_PROCESSORS=8, PKG_CONFIG_SYSTEM_LIBRARY_PATH=C:/Program Files/Git/mingw64/lib, USERDOMAIN_ROAMINGPROFILE=LAPTOP-4P0OPOK9, MSYSTEM_PREFIX=C:/Program Files/Git/mingw64, PROCESSOR_LEVEL=6, SYSTEMDRIVE=C:, ANTHROPIC_DEFAULT_OPUS_MODEL=qwen3.7-max, ANTHROPIC_DEFAULT_SONNET_MODEL=qwen3.7-max, OTEL_EXPORTER_OTLP_METRICS_TEMPORALITY_PREFERENCE=delta, PLATFORMCODE=KV, PROCESSOR_ARCHITECTURE=AMD64, DRIVERDATA=C:\Windows\System32\Drivers\DriverData, MSYSTEM_CHOST=x86_64-w64-mingw32, CLAUDE_CODE_ENTRYPOINT=cli, CLAUDECODE=1, RIDER_VM_OPTIONS=C:\serverPath\pojie2099\vmoptions\rider.vmoptions, PROGRAMDATA=C:\ProgramData, DEVECOSTUDIO_VM_OPTIONS=C:\serverPath\pojie2099\vmoptions\devecostudio.vmoptions, INFOPATH=C:\Program Files\Git\mingw64\local\info;C:\Program Files\Git\mingw64\share\info;C:\Program Files\Git\usr\local\info;C:\Program Files\Git\usr\share\info;C:\Program Files\Git\usr\info;C:\Program Files\Git\share\info, PKG_CONFIG_SYSTEM_INCLUDE_PATH=C:/Program Files/Git/mingw64/include, ONEDRIVE=C:\Users\13292\OneDrive, SHELL=C:\Program Files\Git\usr\bin\bash.exe, ONEDRIVECONSUMER=C:\Users\13292\OneDrive, GOPATH=C:\Users\13292\go, OLDPWD=C:/Users/13292/Desktop/claudel1/reposNew/task47/diandongcheshangpai, REGIONCODE=APJ, TMPDIR=C:\Users\13292\AppData\Local\Temp, WINDIR=C:\Windows, DATASPELL_VM_OPTIONS=C:\serverPath\pojie2099\vmoptions\dataspell.vmoptions, SSH_ASKPASS=C:/Program Files/Git/mingw64/bin/git-askpass.exe, MINGW_CHOST=x86_64-w64-mingw32, ANTHROPIC_DEFAULT_HAIKU_MODEL=qwen3.7-max, DATAGRIP_VM_OPTIONS=C:\serverPath\pojie2099\vmoptions\datagrip.vmoptions, LOCALAPPDATA=C:\Users\13292\AppData\Local, MANPATH=C:\Program Files\Git\mingw64\local\man;C:\Program Files\Git\mingw64\share\man;C:\Program Files\Git\usr\local\man;C:\Program Files\Git\usr\share\man;C:\Program Files\Git\usr\man;C:\Program Files\Git\share\man, COMMONPROGRAMFILES(X86)=C:\Program Files (x86)\Common Files, MINGW_PACKAGE_PREFIX=mingw-w64-x86_64, USERDOMAIN=LAPTOP-4P0OPOK9, LOGONSERVER=\\LAPTOP-4P0OPOK9, PYCHARM_VM_OPTIONS=C:\serverPath\pojie2099\vmoptions\pycharm.vmoptions, PLINK_PROTOCOL=ssh, JETBRAINSCLIENT_VM_OPTIONS=C:\serverPath\pojie2099\vmoptions\jetbrainsclient.vmoptions, INTELLIJ IDEA=C:\Program Files\JetBrains\IntelliJ IDEA 2026.1.2\bin, MINGW_PREFIX=C:/Program Files/Git/mingw64, DISPLAY=needs-to-be-defined, IDEA_VM_OPTIONS=C:\serverPath\pojie2099\vmoptions\idea.vmoptions, ANTHROPIC_MODEL=qwen3.7-max, PROGRAMW6432=C:\Program Files, SYSTEMROOT=C:\Windows, RUBYMINE_VM_OPTIONS=C:\serverPath\pojie2099\vmoptions\rubymine.vmoptions, MAVEN_CMD_LINE_ARGS= test, OS=Windows_NT, COMMONPROGRAMW6432=C:\Program Files\Common Files, COMMONPROGRAMFILES=C:\Program Files\Common Files, COMSPEC=C:\Windows\system32\cmd.exe, NVM_HOME=C:\Users\13292\AppData\Local\nvm, PROCESSOR_REVISION=a502, OTEL_RESOURCE_ATTRIBUTES=service.name=annotation-coding,env=production, TEMP=C:\Users\13292\AppData\Local\Temp, HOSTNAME=LAPTOP-4P0OPOK9, USERPROFILE=C:\Users\13292, DISABLE_AUTOUPDATER=1, TMP=C:\Users\13292\AppData\Local\Temp, PHPSTORM_VM_OPTIONS=C:\serverPath\pojie2099\vmoptions\phpstorm.vmoptions, HOME=C:\Users\13292}}]
2026-06-12 21:31:56 -281  [main] DEBUG   - Looking for request mappings in application context: org.springframework.test.web.servlet.setup.StubWebApplicationContext@15515c51
2026-06-12 21:31:56 -374  [main] DEBUG   - 13 request handler methods found on class com.controller.ShangpaiController: {public com.utils.R com.controller.ShangpaiController.progress(java.util.Map,javax.servlet.http.HttpServletRequest)={[/shangpai/progress]}, public com.utils.R com.controller.ShangpaiController.add(com.entity.ShangpaiEntity,javax.servlet.http.HttpServletRequest)={[/shangpai/add]}, public com.utils.R com.controller.ShangpaiController.update(com.entity.ShangpaiEntity,javax.servlet.http.HttpServletRequest)={[/shangpai/update]}, public com.utils.R com.controller.ShangpaiController.apply(com.entity.ShangpaiEntity,javax.servlet.http.HttpServletRequest)={[/shangpai/apply]}, public com.utils.R com.controller.ShangpaiController.list(java.util.Map,javax.servlet.http.HttpServletRequest)={[/shangpai/list]}, public com.utils.R com.controller.ShangpaiController.info(java.lang.Long)={[/shangpai/info/{id}]}, public com.utils.R com.controller.ShangpaiController.delete(java.lang.Integer)={[/shangpai/delete]}, public com.utils.R com.controller.ShangpaiController.save(com.entity.ShangpaiEntity,javax.servlet.http.HttpServletRequest)={[/shangpai/save]}, public com.utils.R com.controller.ShangpaiController.page(java.util.Map,javax.servlet.http.HttpServletRequest)={[/shangpai/page]}, public com.utils.R com.controller.ShangpaiController.xuanzhe(java.lang.Integer,javax.servlet.http.HttpServletRequest)={[/shangpai/xuanzhe]}, public com.utils.R com.controller.ShangpaiController.shenhe(java.lang.Integer,java.lang.Integer)={[/shangpai/shenhe]}, public com.utils.R com.controller.ShangpaiController.detail(java.lang.Long)={[/shangpai/detail/{id}]}, public com.utils.R com.controller.ShangpaiController.progressDetail(java.lang.Long,javax.servlet.http.HttpServletRequest)={[/shangpai/progress/{id}]}}
2026-06-12 21:31:56 -392  [main] INFO    - Mapped "{[/shangpai/progress]}" onto public com.utils.R com.controller.ShangpaiController.progress(java.util.Map<java.lang.String, java.lang.Object>,javax.servlet.http.HttpServletRequest)
2026-06-12 21:31:56 -395  [main] INFO    - Mapped "{[/shangpai/add]}" onto public com.utils.R com.controller.ShangpaiController.add(com.entity.ShangpaiEntity,javax.servlet.http.HttpServletRequest)
2026-06-12 21:31:56 -396  [main] INFO    - Mapped "{[/shangpai/update]}" onto public com.utils.R com.controller.ShangpaiController.update(com.entity.ShangpaiEntity,javax.servlet.http.HttpServletRequest)
2026-06-12 21:31:56 -396  [main] INFO    - Mapped "{[/shangpai/apply]}" onto public com.utils.R com.controller.ShangpaiController.apply(com.entity.ShangpaiEntity,javax.servlet.http.HttpServletRequest)
2026-06-12 21:31:56 -397  [main] INFO    - Mapped "{[/shangpai/list]}" onto public com.utils.R com.controller.ShangpaiController.list(java.util.Map<java.lang.String, java.lang.Object>,javax.servlet.http.HttpServletRequest)
2026-06-12 21:31:56 -398  [main] INFO    - Mapped "{[/shangpai/info/{id}]}" onto public com.utils.R com.controller.ShangpaiController.info(java.lang.Long)
2026-06-12 21:31:56 -398  [main] INFO    - Mapped "{[/shangpai/delete]}" onto public com.utils.R com.controller.ShangpaiController.delete(java.lang.Integer)
2026-06-12 21:31:56 -399  [main] INFO    - Mapped "{[/shangpai/save]}" onto public com.utils.R com.controller.ShangpaiController.save(com.entity.ShangpaiEntity,javax.servlet.http.HttpServletRequest)
2026-06-12 21:31:56 -400  [main] INFO    - Mapped "{[/shangpai/page]}" onto public com.utils.R com.controller.ShangpaiController.page(java.util.Map<java.lang.String, java.lang.Object>,javax.servlet.http.HttpServletRequest)
2026-06-12 21:31:56 -401  [main] INFO    - Mapped "{[/shangpai/xuanzhe]}" onto public com.utils.R com.controller.ShangpaiController.xuanzhe(java.lang.Integer,javax.servlet.http.HttpServletRequest)
2026-06-12 21:31:56 -402  [main] INFO    - Mapped "{[/shangpai/shenhe]}" onto public com.utils.R com.controller.ShangpaiController.shenhe(java.lang.Integer,java.lang.Integer)
2026-06-12 21:31:56 -403  [main] INFO    - Mapped "{[/shangpai/detail/{id}]}" onto public com.utils.R com.controller.ShangpaiController.detail(java.lang.Long)
2026-06-12 21:31:56 -404  [main] INFO    - Mapped "{[/shangpai/progress/{id}]}" onto public com.utils.R com.controller.ShangpaiController.progressDetail(java.lang.Long,javax.servlet.http.HttpServletRequest)
2026-06-12 21:31:57 -861  [main] DEBUG   - Logging Provider: org.jboss.logging.Log4jLoggerProvider
2026-06-12 21:31:57 -862  [main] INFO    - HV000001: Hibernate Validator 5.2.4.Final
2026-06-12 21:31:57 -878  [main] DEBUG   - Cannot find javax.persistence.Persistence on classpath. Assuming non JPA 2 environment. All properties will per default be traversable.
2026-06-12 21:31:57 -930  [main] DEBUG   - Setting custom MessageInterpolator of type org.springframework.validation.beanvalidation.LocaleContextMessageInterpolator
2026-06-12 21:31:57 -932  [main] DEBUG   - Setting custom ParameterNameProvider of type org.springframework.validation.beanvalidation.LocalValidatorFactoryBean$1
2026-06-12 21:31:57 -936  [main] DEBUG   - Trying to load META-INF/validation.xml for XML based Validator configuration.
2026-06-12 21:31:57 -938  [main] DEBUG   - Trying to load META-INF/validation.xml via TCCL
2026-06-12 21:31:57 -940  [main] DEBUG   - Trying to load META-INF/validation.xml via Hibernate Validator's class loader
2026-06-12 21:31:57 -940  [main] DEBUG   - No META-INF/validation.xml found. Using annotation based configuration only.
2026-06-12 21:31:57 -1017 [main] INFO    - Looking for @ControllerAdvice: org.springframework.test.web.servlet.setup.StubWebApplicationContext@15515c51
2026-06-12 21:31:57 -1066 [main] DEBUG   - Looking for exception mappings: org.springframework.test.web.servlet.setup.StubWebApplicationContext@15515c51
2026-06-12 21:31:57 -1095 [main] DEBUG   - Initializing servlet ''
2026-06-12 21:31:57 -1096 [main] INFO    - Initializing Spring FrameworkServlet ''
2026-06-12 21:31:57 -1097 [main] INFO    - FrameworkServlet '': initialization started
2026-06-12 21:31:57 -1100 [main] DEBUG   - Unable to locate MultipartResolver with name 'multipartResolver': no multipart request handling provided
2026-06-12 21:31:57 -1100 [main] DEBUG   - Using LocaleResolver [org.springframework.web.servlet.i18n.AcceptHeaderLocaleResolver@2f00f851]
2026-06-12 21:31:57 -1100 [main] DEBUG   - Using ThemeResolver [org.springframework.web.servlet.theme.FixedThemeResolver@4207609e]
2026-06-12 21:31:57 -1101 [main] DEBUG   - Using RequestToViewNameTranslator [org.springframework.web.servlet.view.DefaultRequestToViewNameTranslator@1f77b5cc]
2026-06-12 21:31:57 -1101 [main] DEBUG   - Using FlashMapManager [org.springframework.web.servlet.support.SessionFlashMapManager@5d7ca698]
2026-06-12 21:31:57 -1101 [main] DEBUG   - Published WebApplicationContext of servlet '' as ServletContext attribute with name [org.springframework.web.servlet.FrameworkServlet.CONTEXT.]
2026-06-12 21:31:57 -1101 [main] INFO    - FrameworkServlet '': initialization completed in 4 ms
2026-06-12 21:31:57 -1102 [main] DEBUG   - Servlet '' configured successfully
2026-06-12 21:31:57 -1174 [main] DEBUG   - DispatcherServlet with name '' processing GET request for [/shangpai/progress/1]
2026-06-12 21:31:57 -1176 [main] DEBUG   - Looking up handler method for path /shangpai/progress/1
2026-06-12 21:31:57 -1179 [main] DEBUG   - Returning handler method [public com.utils.R com.controller.ShangpaiController.progressDetail(java.lang.Long,javax.servlet.http.HttpServletRequest)]
2026-06-12 21:31:57 -1180 [main] DEBUG   - Last-Modified value for [/shangpai/progress/1] is: -1
2026-06-12 21:31:57 -1210 [main] DEBUG   - progressDetail鏂规硶:,,Controller:com.controller.ShangpaiController,,id:1
2026-06-12 21:31:57 -1327 [main] DEBUG   - Written [{code=0, data=Shangpai{id=1, yonghuId=1, xuanpaiId=10, shangpaiTypes=1, baoxianId=null, insertTime=null, createTime=null}}] as "application/json" using [org.springframework.http.converter.json.MappingJackson2HttpMessageConverter@17461db]
2026-06-12 21:31:57 -1328 [main] DEBUG   - Null ModelAndView returned to DispatcherServlet with name '': assuming HandlerAdapter completed request handling
2026-06-12 21:31:57 -1348 [main] DEBUG   - Successfully completed request
2026-06-12 21:31:57 -1411 [main] DEBUG   - Evaluating path: $['code']
2026-06-12 21:31:57 -1416 [main] DEBUG   - Evaluating path: $['data']
]]></system-out>
  </testcase>
  <testcase name="testApply_Success" classname="com.controller.ShangpaiControllerIntegrationTest" time="0.336">
    <system-out><![CDATA[2026-06-12 21:31:57 -1425 [main] DEBUG   - Adding PropertySource 'systemProperties' with lowest search precedence
2026-06-12 21:31:57 -1426 [main] DEBUG   - Adding PropertySource 'systemEnvironment' with lowest search precedence
2026-06-12 21:31:57 -1426 [main] DEBUG   - Initialized StandardEnvironment with PropertySources [MapPropertySource@1823014131 {name='systemProperties', properties={java.specification.version=17, sun.cpu.isalist=amd64, sun.jnu.encoding=GBK, java.class.path=C:\Users\13292\Desktop\claudel1\reposNew\task47\diandongcheshangpai\target\test-classes;C:\Users\13292\Desktop\claudel1\reposNew\task47\diandongcheshangpai\target\classes;C:\Users\13292\.m2\repository\junit\junit\4.12\junit-4.12.jar;C:\Users\13292\.m2\repository\org\hamcrest\hamcrest-core\1.3\hamcrest-core-1.3.jar;C:\Users\13292\.m2\repository\org\springframework\spring-core\5.0.0.RELEASE\spring-core-5.0.0.RELEASE.jar;C:\Users\13292\.m2\repository\org\springframework\spring-jcl\5.0.0.RELEASE\spring-jcl-5.0.0.RELEASE.jar;C:\Users\13292\.m2\repository\org\springframework\spring-context\5.0.0.RELEASE\spring-context-5.0.0.RELEASE.jar;C:\Users\13292\.m2\repository\org\springframework\spring-expression\5.0.0.RELEASE\spring-expression-5.0.0.RELEASE.jar;C:\Users\13292\.m2\repository\org\springframework\spring-context-support\5.0.0.RELEASE\spring-context-support-5.0.0.RELEASE.jar;C:\Users\13292\.m2\repository\org\springframework\spring-tx\5.0.0.RELEASE\spring-tx-5.0.0.RELEASE.jar;C:\Users\13292\.m2\repository\org\springframework\spring-aop\5.0.0.RELEASE\spring-aop-5.0.0.RELEASE.jar;C:\Users\13292\.m2\repository\org\springframework\spring-beans\5.0.0.RELEASE\spring-beans-5.0.0.RELEASE.jar;C:\Users\13292\.m2\repository\org\springframework\spring-jdbc\5.0.0.RELEASE\spring-jdbc-5.0.0.RELEASE.jar;C:\Users\13292\.m2\repository\org\springframework\spring-web\5.0.0.RELEASE\spring-web-5.0.0.RELEASE.jar;C:\Users\13292\.m2\repository\org\springframework\spring-webmvc\5.0.0.RELEASE\spring-webmvc-5.0.0.RELEASE.jar;C:\Users\13292\.m2\repository\org\aspectj\aspectjweaver\1.8.8\aspectjweaver-1.8.8.jar;C:\Users\13292\.m2\repository\commons-fileupload\commons-fileupload\1.3.1\commons-fileupload-1.3.1.jar;C:\Users\13292\.m2\repository\javax\servlet\jstl\1.2\jstl-1.2.jar;C:\Users\13292\.m2\repository\com\baomidou\mybatis-plus\2.3\mybatis-plus-2.3.jar;C:\Users\13292\.m2\repository\com\baomidou\mybatis-plus-support\2.3\mybatis-plus-support-2.3.jar;C:\Users\13292\.m2\repository\com\baomidou\mybatis-plus-core\2.3\mybatis-plus-core-2.3.jar;C:\Users\13292\.m2\repository\com\github\jsqlparser\jsqlparser\1.1\jsqlparser-1.1.jar;C:\Users\13292\.m2\repository\org\mybatis\mybatis-spring\1.3.2\mybatis-spring-1.3.2.jar;C:\Users\13292\.m2\repository\org\mybatis\mybatis\3.4.6\mybatis-3.4.6.jar;C:\Users\13292\.m2\repository\com\baomidou\mybatis-plus-generate\2.3\mybatis-plus-generate-2.3.jar;C:\Users\13292\.m2\repository\mysql\mysql-connector-java\5.1.38\mysql-connector-java-5.1.38.jar;C:\Users\13292\.m2\repository\com\alibaba\druid\1.1.0\druid-1.1.0.jar;C:\Users\13292\.m2\repository\com\alibaba\fastjson\1.2.8\fastjson-1.2.8.jar;C:\Users\13292\.m2\repository\log4j\log4j\1.2.17\log4j-1.2.17.jar;C:\Users\13292\.m2\repository\org\slf4j\slf4j-api\1.7.19\slf4j-api-1.7.19.jar;C:\Users\13292\.m2\repository\org\slf4j\slf4j-log4j12\1.7.19\slf4j-log4j12-1.7.19.jar;C:\Users\13292\.m2\repository\org\springframework\spring-test\5.0.0.RELEASE\spring-test-5.0.0.RELEASE.jar;C:\Users\13292\.m2\repository\org\mockito\mockito-core\2.28.2\mockito-core-2.28.2.jar;C:\Users\13292\.m2\repository\net\bytebuddy\byte-buddy\1.9.10\byte-buddy-1.9.10.jar;C:\Users\13292\.m2\repository\net\bytebuddy\byte-buddy-agent\1.9.10\byte-buddy-agent-1.9.10.jar;C:\Users\13292\.m2\repository\org\objenesis\objenesis\2.6\objenesis-2.6.jar;C:\Users\13292\.m2\repository\javax\xml\bind\jaxb-api\2.3.1\jaxb-api-2.3.1.jar;C:\Users\13292\.m2\repository\javax\activation\javax.activation-api\1.2.0\javax.activation-api-1.2.0.jar;C:\Users\13292\.m2\repository\com\jayway\jsonpath\json-path\2.4.0\json-path-2.4.0.jar;C:\Users\13292\.m2\repository\net\minidev\json-smart\2.3\json-smart-2.3.jar;C:\Users\13292\.m2\repository\net\minidev\accessors-smart\1.2\accessors-smart-1.2.jar;C:\Users\13292\.m2\repository\org\ow2\asm\asm\5.0.4\asm-5.0.4.jar;C:\Users\13292\.m2\repository\org\apache\commons\commons-lang3\3.0\commons-lang3-3.0.jar;C:\Users\13292\.m2\repository\javax\validation\validation-api\2.0.1.Final\validation-api-2.0.1.Final.jar;C:\Users\13292\.m2\repository\commons-io\commons-io\2.5\commons-io-2.5.jar;C:\Users\13292\.m2\repository\cn\hutool\hutool-all\4.0.12\hutool-all-4.0.12.jar;C:\Users\13292\.m2\repository\org\apache\tomcat\embed\tomcat-embed-core\9.0.29\tomcat-embed-core-9.0.29.jar;C:\Users\13292\.m2\repository\org\apache\tomcat\tomcat-annotations-api\9.0.29\tomcat-annotations-api-9.0.29.jar;C:\Users\13292\.m2\repository\commons-beanutils\commons-beanutils\1.8.0\commons-beanutils-1.8.0.jar;C:\Users\13292\.m2\repository\commons-logging\commons-logging\1.1.1\commons-logging-1.1.1.jar;C:\Users\13292\.m2\repository\com\fasterxml\jackson\core\jackson-annotations\2.10.1\jackson-annotations-2.10.1.jar;C:\Users\13292\.m2\repository\com\fasterxml\jackson\core\jackson-databind\2.10.1\jackson-databind-2.10.1.jar;C:\Users\13292\.m2\repository\com\fasterxml\jackson\core\jackson-core\2.10.1\jackson-core-2.10.1.jar;C:\Users\13292\.m2\repository\org\codehaus\jackson\jackson-mapper-asl\1.9.13\jackson-mapper-asl-1.9.13.jar;C:\Users\13292\.m2\repository\org\codehaus\jackson\jackson-core-asl\1.9.13\jackson-core-asl-1.9.13.jar;C:\Users\13292\.m2\repository\javax\servlet\jsp\jsp-api\2.1\jsp-api-2.1.jar;C:\Users\13292\.m2\repository\com\baidu\aip\java-sdk\4.4.1\java-sdk-4.4.1.jar;C:\Users\13292\.m2\repository\org\json\json\20160810\json-20160810.jar;C:\Users\13292\.m2\repository\org\apache\tomcat\embed\tomcat-embed-jasper\9.0.27\tomcat-embed-jasper-9.0.27.jar;C:\Users\13292\.m2\repository\org\apache\tomcat\embed\tomcat-embed-el\9.0.27\tomcat-embed-el-9.0.27.jar;C:\Users\13292\.m2\repository\org\eclipse\jdt\ecj\3.18.0\ecj-3.18.0.jar;C:\Users\13292\.m2\repository\org\hibernate\hibernate-validator\5.2.4.Final\hibernate-validator-5.2.4.Final.jar;C:\Users\13292\.m2\repository\org\jboss\logging\jboss-logging\3.2.1.Final\jboss-logging-3.2.1.Final.jar;C:\Users\13292\.m2\repository\com\fasterxml\classmate\1.1.0\classmate-1.1.0.jar;C:\Users\13292\.m2\repository\org\apache\poi\poi-scratchpad\3.11-beta2\poi-scratchpad-3.11-beta2.jar;C:\Users\13292\.m2\repository\org\apache\poi\poi\3.11-beta2\poi-3.11-beta2.jar;C:\Users\13292\.m2\repository\commons-codec\commons-codec\1.9\commons-codec-1.9.jar;C:\Users\13292\.m2\repository\org\apache\poi\poi-ooxml\3.11-beta2\poi-ooxml-3.11-beta2.jar;C:\Users\13292\.m2\repository\org\apache\poi\poi-ooxml-schemas\3.11-beta2\poi-ooxml-schemas-3.11-beta2.jar;C:\Users\13292\.m2\repository\org\apache\xmlbeans\xmlbeans\2.6.0\xmlbeans-2.6.0.jar;C:\Users\13292\.m2\repository\stax\stax-api\1.0.1\stax-api-1.0.1.jar;C:\Users\13292\.m2\repository\org\apache\poi\poi-excelant\3.11-beta2\poi-excelant-3.11-beta2.jar;C:\Users\13292\.m2\repository\org\apache\ant\ant\1.8.2\ant-1.8.2.jar;C:\Users\13292\.m2\repository\org\apache\ant\ant-launcher\1.8.2\ant-launcher-1.8.2.jar;, java.vm.vendor=Microsoft, sun.arch.data.model=64, user.variant=, java.vendor.url=https://www.microsoft.com, user.timezone=GMT+08:00, java.vm.specification.version=17, os.name=Windows 10, sun.java.launcher=SUN_STANDARD, user.country=CN, sun.boot.library.path=C:\Users\13292\.jdks\ms-17.0.19\bin, sun.java.command=C:\Users\13292\AppData\Local\Temp\surefire11372997374780968477\surefirebooter-20260612213153074_3.jar C:\Users\13292\AppData\Local\Temp\surefire11372997374780968477 2026-06-12T21-31-52_618-jvmRun1 surefire-20260612213153074_1tmp surefire_0-20260612213153074_2tmp, jdk.debug=release, surefire.test.class.path=C:\Users\13292\Desktop\claudel1\reposNew\task47\diandongcheshangpai\target\test-classes;C:\Users\13292\Desktop\claudel1\reposNew\task47\diandongcheshangpai\target\classes;C:\Users\13292\.m2\repository\junit\junit\4.12\junit-4.12.jar;C:\Users\13292\.m2\repository\org\hamcrest\hamcrest-core\1.3\hamcrest-core-1.3.jar;C:\Users\13292\.m2\repository\org\springframework\spring-core\5.0.0.RELEASE\spring-core-5.0.0.RELEASE.jar;C:\Users\13292\.m2\repository\org\springframework\spring-jcl\5.0.0.RELEASE\spring-jcl-5.0.0.RELEASE.jar;C:\Users\13292\.m2\repository\org\springframework\spring-context\5.0.0.RELEASE\spring-context-5.0.0.RELEASE.jar;C:\Users\13292\.m2\repository\org\springframework\spring-expression\5.0.0.RELEASE\spring-expression-5.0.0.RELEASE.jar;C:\Users\13292\.m2\repository\org\springframework\spring-context-support\5.0.0.RELEASE\spring-context-support-5.0.0.RELEASE.jar;C:\Users\13292\.m2\repository\org\springframework\spring-tx\5.0.0.RELEASE\spring-tx-5.0.0.RELEASE.jar;C:\Users\13292\.m2\repository\org\springframework\spring-aop\5.0.0.RELEASE\spring-aop-5.0.0.RELEASE.jar;C:\Users\13292\.m2\repository\org\springframework\spring-beans\5.0.0.RELEASE\spring-beans-5.0.0.RELEASE.jar;C:\Users\13292\.m2\repository\org\springframework\spring-jdbc\5.0.0.RELEASE\spring-jdbc-5.0.0.RELEASE.jar;C:\Users\13292\.m2\repository\org\springframework\spring-web\5.0.0.RELEASE\spring-web-5.0.0.RELEASE.jar;C:\Users\13292\.m2\repository\org\springframework\spring-webmvc\5.0.0.RELEASE\spring-webmvc-5.0.0.RELEASE.jar;C:\Users\13292\.m2\repository\org\aspectj\aspectjweaver\1.8.8\aspectjweaver-1.8.8.jar;C:\Users\13292\.m2\repository\commons-fileupload\commons-fileupload\1.3.1\commons-fileupload-1.3.1.jar;C:\Users\13292\.m2\repository\javax\servlet\jstl\1.2\jstl-1.2.jar;C:\Users\13292\.m2\repository\com\baomidou\mybatis-plus\2.3\mybatis-plus-2.3.jar;C:\Users\13292\.m2\repository\com\baomidou\mybatis-plus-support\2.3\mybatis-plus-support-2.3.jar;C:\Users\13292\.m2\repository\com\baomidou\mybatis-plus-core\2.3\mybatis-plus-core-2.3.jar;C:\Users\13292\.m2\repository\com\github\jsqlparser\jsqlparser\1.1\jsqlparser-1.1.jar;C:\Users\13292\.m2\repository\org\mybatis\mybatis-spring\1.3.2\mybatis-spring-1.3.2.jar;C:\Users\13292\.m2\repository\org\mybatis\mybatis\3.4.6\mybatis-3.4.6.jar;C:\Users\13292\.m2\repository\com\baomidou\mybatis-plus-generate\2.3\mybatis-plus-generate-2.3.jar;C:\Users\13292\.m2\repository\mysql\mysql-connector-java\5.1.38\mysql-connector-java-5.1.38.jar;C:\Users\13292\.m2\repository\com\alibaba\druid\1.1.0\druid-1.1.0.jar;C:\Users\13292\.m2\repository\com\alibaba\fastjson\1.2.8\fastjson-1.2.8.jar;C:\Users\13292\.m2\repository\log4j\log4j\1.2.17\log4j-1.2.17.jar;C:\Users\13292\.m2\repository\org\slf4j\slf4j-api\1.7.19\slf4j-api-1.7.19.jar;C:\Users\13292\.m2\repository\org\slf4j\slf4j-log4j12\1.7.19\slf4j-log4j12-1.7.19.jar;C:\Users\13292\.m2\repository\org\springframework\spring-test\5.0.0.RELEASE\spring-test-5.0.0.RELEASE.jar;C:\Users\13292\.m2\repository\org\mockito\mockito-core\2.28.2\mockito-core-2.28.2.jar;C:\Users\13292\.m2\repository\net\bytebuddy\byte-buddy\1.9.10\byte-buddy-1.9.10.jar;C:\Users\13292\.m2\repository\net\bytebuddy\byte-buddy-agent\1.9.10\byte-buddy-agent-1.9.10.jar;C:\Users\13292\.m2\repository\org\objenesis\objenesis\2.6\objenesis-2.6.jar;C:\Users\13292\.m2\repository\javax\xml\bind\jaxb-api\2.3.1\jaxb-api-2.3.1.jar;C:\Users\13292\.m2\repository\javax\activation\javax.activation-api\1.2.0\javax.activation-api-1.2.0.jar;C:\Users\13292\.m2\repository\com\jayway\jsonpath\json-path\2.4.0\json-path-2.4.0.jar;C:\Users\13292\.m2\repository\net\minidev\json-smart\2.3\json-smart-2.3.jar;C:\Users\13292\.m2\repository\net\minidev\accessors-smart\1.2\accessors-smart-1.2.jar;C:\Users\13292\.m2\repository\org\ow2\asm\asm\5.0.4\asm-5.0.4.jar;C:\Users\13292\.m2\repository\org\apache\commons\commons-lang3\3.0\commons-lang3-3.0.jar;C:\Users\13292\.m2\repository\javax\validation\validation-api\2.0.1.Final\validation-api-2.0.1.Final.jar;C:\Users\13292\.m2\repository\commons-io\commons-io\2.5\commons-io-2.5.jar;C:\Users\13292\.m2\repository\cn\hutool\hutool-all\4.0.12\hutool-all-4.0.12.jar;C:\Users\13292\.m2\repository\org\apache\tomcat\embed\tomcat-embed-core\9.0.29\tomcat-embed-core-9.0.29.jar;C:\Users\13292\.m2\repository\org\apache\tomcat\tomcat-annotations-api\9.0.29\tomcat-annotations-api-9.0.29.jar;C:\Users\13292\.m2\repository\commons-beanutils\commons-beanutils\1.8.0\commons-beanutils-1.8.0.jar;C:\Users\13292\.m2\repository\commons-logging\commons-logging\1.1.1\commons-logging-1.1.1.jar;C:\Users\13292\.m2\repository\com\fasterxml\jackson\core\jackson-annotations\2.10.1\jackson-annotations-2.10.1.jar;C:\Users\13292\.m2\repository\com\fasterxml\jackson\core\jackson-databind\2.10.1\jackson-databind-2.10.1.jar;C:\Users\13292\.m2\repository\com\fasterxml\jackson\core\jackson-core\2.10.1\jackson-core-2.10.1.jar;C:\Users\13292\.m2\repository\org\codehaus\jackson\jackson-mapper-asl\1.9.13\jackson-mapper-asl-1.9.13.jar;C:\Users\13292\.m2\repository\org\codehaus\jackson\jackson-core-asl\1.9.13\jackson-core-asl-1.9.13.jar;C:\Users\13292\.m2\repository\javax\servlet\jsp\jsp-api\2.1\jsp-api-2.1.jar;C:\Users\13292\.m2\repository\com\baidu\aip\java-sdk\4.4.1\java-sdk-4.4.1.jar;C:\Users\13292\.m2\repository\org\json\json\20160810\json-20160810.jar;C:\Users\13292\.m2\repository\org\apache\tomcat\embed\tomcat-embed-jasper\9.0.27\tomcat-embed-jasper-9.0.27.jar;C:\Users\13292\.m2\repository\org\apache\tomcat\embed\tomcat-embed-el\9.0.27\tomcat-embed-el-9.0.27.jar;C:\Users\13292\.m2\repository\org\eclipse\jdt\ecj\3.18.0\ecj-3.18.0.jar;C:\Users\13292\.m2\repository\org\hibernate\hibernate-validator\5.2.4.Final\hibernate-validator-5.2.4.Final.jar;C:\Users\13292\.m2\repository\org\jboss\logging\jboss-logging\3.2.1.Final\jboss-logging-3.2.1.Final.jar;C:\Users\13292\.m2\repository\com\fasterxml\classmate\1.1.0\classmate-1.1.0.jar;C:\Users\13292\.m2\repository\org\apache\poi\poi-scratchpad\3.11-beta2\poi-scratchpad-3.11-beta2.jar;C:\Users\13292\.m2\repository\org\apache\poi\poi\3.11-beta2\poi-3.11-beta2.jar;C:\Users\13292\.m2\repository\commons-codec\commons-codec\1.9\commons-codec-1.9.jar;C:\Users\13292\.m2\repository\org\apache\poi\poi-ooxml\3.11-beta2\poi-ooxml-3.11-beta2.jar;C:\Users\13292\.m2\repository\org\apache\poi\poi-ooxml-schemas\3.11-beta2\poi-ooxml-schemas-3.11-beta2.jar;C:\Users\13292\.m2\repository\org\apache\xmlbeans\xmlbeans\2.6.0\xmlbeans-2.6.0.jar;C:\Users\13292\.m2\repository\stax\stax-api\1.0.1\stax-api-1.0.1.jar;C:\Users\13292\.m2\repository\org\apache\poi\poi-excelant\3.11-beta2\poi-excelant-3.11-beta2.jar;C:\Users\13292\.m2\repository\org\apache\ant\ant\1.8.2\ant-1.8.2.jar;C:\Users\13292\.m2\repository\org\apache\ant\ant-launcher\1.8.2\ant-launcher-1.8.2.jar;, sun.cpu.endian=little, user.home=C:\Users\13292, user.language=zh, java.specification.vendor=Oracle Corporation, java.version.date=2026-04-21, java.home=C:\Users\13292\.jdks\ms-17.0.19, file.separator=\, basedir=C:\Users\13292\Desktop\claudel1\reposNew\task47\diandongcheshangpai, java.vm.compressedOopsMode=Zero based, line.separator=
, java.vm.specification.vendor=Oracle Corporation, java.specification.name=Java Platform API Specification, surefire.real.class.path=C:\Users\13292\AppData\Local\Temp\surefire11372997374780968477\surefirebooter-20260612213153074_3.jar, user.script=, sun.management.compiler=HotSpot 64-Bit Tiered Compilers, java.runtime.version=17.0.19+10-LTS, user.name=13292, path.separator=;, os.version=10.0, java.runtime.name=OpenJDK Runtime Environment, file.encoding=GBK, java.vm.name=OpenJDK 64-Bit Server VM, java.vendor.version=Microsoft-13877129, localRepository=C:\Users\13292\.m2\repository, java.vendor.url.bug=https://github.com/microsoft/openjdk/issues, java.io.tmpdir=C:\Users\13292\AppData\Local\Temp\, java.version=17.0.19, user.dir=C:\Users\13292\Desktop\claudel1\reposNew\task47\diandongcheshangpai, os.arch=amd64, java.vm.specification.name=Java Virtual Machine Specification, sun.os.patch.level=, native.encoding=GBK, java.library.path=C:\Users\13292\.jdks\ms-17.0.19\bin;C:\Windows\Sun\Java\bin;C:\Windows\system32;C:\Windows;C:\Program Files\Git\mingw64\bin;C:\Program Files\Git\usr\bin;C:\Users\13292\bin;C:\Users\13292\bin;C:\Program Files\Git\mingw64\bin;C:\Program Files\Git\usr\local\bin;C:\Program Files\Git\usr\bin;C:\Program Files\Git\usr\bin;C:\Program Files\Git\mingw64\bin;C:\Program Files\Git\usr\bin;C:\Users\13292\bin;C:\windows\system32;C:\windows;C:\windows\System32\Wbem;C:\windows\System32\WindowsPowerShell\v1.0;C:\windows\System32\OpenSSH;C:\Program Files (x86)\NVIDIA Corporation\PhysX\Common;C:\Program Files\NVIDIA Corporation\NVIDIA NvDLISR;C:\Windows\system32;C:\Windows;C:\Windows\System32\Wbem;C:\Windows\System32\WindowsPowerShell\v1.0;C:\Windows\System32\OpenSSH;C:\Program Files\dotnet;C:\Users\13292\AppData\Local\nvm;C:\nvm4w\nodejs;C:\serverPath\apache-maven-3.9.16\bin;C:\Program Files\Git\cmd;C:\Program Files\cursor\resources\app\bin;C:\Users\13292\.jdks\ms-17.0.19\bin;C:\Program Files\Go\bin;C:\Program Files\GitHub CLI;C:\Users\13292\AppData\Local\Programs\Python\Python312\Scripts;C:\Users\13292\AppData\Local\Programs\Python\Python312;C:\Users\13292\AppData\Local\Microsoft\WindowsApps;C:\Users\13292\AppData\Local\nvm;C:\nvm4w\nodejs;C:\Program Files\JetBrains\IntelliJ IDEA 2026.1.2\bin;C:\Users\13292\go\bin;C:\Program Files\Git\usr\bin\vendor_perl;C:\Program Files\Git\usr\bin\core_perl;., java.vm.info=mixed mode, sharing, java.vendor=Microsoft, java.vm.version=17.0.19+10-LTS, java.specification.maintenance.version=1, sun.io.unicode.encoding=UnicodeLittle, java.class.version=61.0}}, SystemEnvironmentPropertySource@1777381620 {name='systemEnvironment', properties={PATH=C:\Program Files\Git\mingw64\bin;C:\Program Files\Git\usr\bin;C:\Users\13292\bin;C:\Users\13292\bin;C:\Program Files\Git\mingw64\bin;C:\Program Files\Git\usr\local\bin;C:\Program Files\Git\usr\bin;C:\Program Files\Git\usr\bin;C:\Program Files\Git\mingw64\bin;C:\Program Files\Git\usr\bin;C:\Users\13292\bin;C:\windows\system32;C:\windows;C:\windows\System32\Wbem;C:\windows\System32\WindowsPowerShell\v1.0;C:\windows\System32\OpenSSH;C:\Program Files (x86)\NVIDIA Corporation\PhysX\Common;C:\Program Files\NVIDIA Corporation\NVIDIA NvDLISR;C:\Windows\system32;C:\Windows;C:\Windows\System32\Wbem;C:\Windows\System32\WindowsPowerShell\v1.0;C:\Windows\System32\OpenSSH;C:\Program Files\dotnet;C:\Users\13292\AppData\Local\nvm;C:\nvm4w\nodejs;C:\serverPath\apache-maven-3.9.16\bin;C:\Program Files\Git\cmd;C:\Program Files\cursor\resources\app\bin;C:\Users\13292\.jdks\ms-17.0.19\bin;C:\Program Files\Go\bin;C:\Program Files\GitHub CLI;C:\Users\13292\AppData\Local\Programs\Python\Python312\Scripts;C:\Users\13292\AppData\Local\Programs\Python\Python312;C:\Users\13292\AppData\Local\Microsoft\WindowsApps;C:\Users\13292\AppData\Local\nvm;C:\nvm4w\nodejs;C:\Program Files\JetBrains\IntelliJ IDEA 2026.1.2\bin;C:\Users\13292\go\bin;C:\Program Files\Git\usr\bin\vendor_perl;C:\Program Files\Git\usr\bin\core_perl, PKG_CONFIG_PATH=C:\Program Files\Git\mingw64\lib\pkgconfig;C:\Program Files\Git\mingw64\share\pkgconfig, NVM_SYMLINK=C:\nvm4w\nodejs, CONFIG_SITE=C:/Program Files/Git/etc/config.site, SESSIONNAME=Console, ALLUSERSPROFILE=C:\ProgramData, GATEWAY_VM_OPTIONS=C:\serverPath\pojie2099\vmoptions\gateway.vmoptions, COREPACK_ENABLE_AUTO_PIN=0, ORIGINAL_TEMP=C:/Users/13292/AppData/Local/Temp, PROGRAMFILES=C:\Program Files, PSMODULEPATH=C:\Program Files\WindowsPowerShell\Modules;C:\Windows\system32\WindowsPowerShell\v1.0\Modules, NODEFAULTCURRENTDIRECTORYINEXEPATH=1, USERNAME=13292, PWD=C:/Users/13292/Desktop/claudel1/reposNew/task47/diandongcheshangpai, STUDIO_VM_OPTIONS=C:\serverPath\pojie2099\vmoptions\studio.vmoptions, TERM_PROGRAM_VERSION=3.8.2, FPS_BROWSER_USER_PROFILE_STRING=Default, PATHEXT=.COM;.EXE;.BAT;.CMD;.VBS;.VBE;.JS;.JSE;.WSF;.WSH;.MSC, APPCODE_VM_OPTIONS=C:\serverPath\pojie2099\vmoptions\appcode.vmoptions, ORIGINAL_TMP=C:/Users/13292/AppData/Local/Temp, HOMEPATH=\Users\13292, PROCESSOR_IDENTIFIER=Intel64 Family 6 Model 165 Stepping 2, GenuineIntel, PUBLIC=C:\Users\Public, ANTHROPIC_BASE_URL=https://dashscope.aliyuncs.com/apps/anthropic, LC_CTYPE=zh_CN.UTF-8, EXEPATH=C:\Program Files\Git\bin, SHLVL=2, ZES_ENABLE_SYSMAN=1, ORIGINAL_PATH=C:\Program Files\Git\mingw64\bin;C:\Program Files\Git\usr\bin;C:\Users\13292\bin;C:\windows\system32;C:\windows;C:\windows\System32\Wbem;C:\windows\System32\WindowsPowerShell\v1.0;C:\windows\System32\OpenSSH;C:\Program Files (x86)\NVIDIA Corporation\PhysX\Common;C:\Program Files\NVIDIA Corporation\NVIDIA NvDLISR;C:\Windows\system32;C:\Windows;C:\Windows\System32\Wbem;C:\Windows\System32\WindowsPowerShell\v1.0;C:\Windows\System32\OpenSSH;C:\Program Files\dotnet;C:\Users\13292\AppData\Local\nvm;C:\nvm4w\nodejs;C:\serverPath\apache-maven-3.9.16\bin;C:\Program Files\Git\cmd;C:\Program Files\cursor\resources\app\bin;C:\Users\13292\.jdks\ms-17.0.19\bin;C:\Program Files\Go\bin;C:\Program Files\GitHub CLI;C:\Users\13292\AppData\Local\Programs\Python\Python312\Scripts;C:\Users\13292\AppData\Local\Programs\Python\Python312;C:\Users\13292\AppData\Local\Microsoft\WindowsApps;C:\Users\13292\AppData\Local\nvm;C:\nvm4w\nodejs;C:\Program Files\JetBrains\IntelliJ IDEA 2026.1.2\bin;C:\Users\13292\go\bin, FPS_BROWSER_APP_PROFILE_STRING=Internet Explorer, WEBSTORM_VM_OPTIONS=C:\serverPath\pojie2099\vmoptions\webstorm.vmoptions, PROMPT=$P$G, CLION_VM_OPTIONS=C:\serverPath\pojie2099\vmoptions\clion.vmoptions, GIT_EDITOR=true, PROGRAMFILES(X86)=C:\Program Files (x86), TERM=xterm, ANTHROPIC_API_KEY=sk-bc6ab60613d948ac9dcd7f45101112d6, ONLINESERVICES=Online Services, GOLAND_VM_OPTIONS=C:\serverPath\pojie2099\vmoptions\goland.vmoptions, MSYSTEM=MINGW64, =C:=C:\Users\13292\Desktop\claudel1\reposNew\task47\diandongcheshangpai, APPDATA=C:\Users\13292\AppData\Roaming, JETBRAINS_CLIENT_VM_OPTIONS=C:\serverPath\pojie2099\vmoptions\jetbrains_client.vmoptions, OTEL_EXPORTER_OTLP_ENDPOINT=http://sunfire-ingestion-external.alibaba-inc.com, TERM_PROGRAM=mintty, COMPUTERNAME=LAPTOP-4P0OPOK9, MAVEN_PROJECTBASEDIR=C:/Users/13292/Desktop/claudel1/reposNew/task47/diandongcheshangpai, ACLOCAL_PATH=C:\Program Files\Git\mingw64\share\aclocal;C:\Program Files\Git\usr\share\aclocal, MSYSTEM_CARCH=x86_64, WEBIDE_VM_OPTIONS=C:\serverPath\pojie2099\vmoptions\webide.vmoptions, HOMEDRIVE=C:, NUMBER_OF_PROCESSORS=8, PKG_CONFIG_SYSTEM_LIBRARY_PATH=C:/Program Files/Git/mingw64/lib, USERDOMAIN_ROAMINGPROFILE=LAPTOP-4P0OPOK9, MSYSTEM_PREFIX=C:/Program Files/Git/mingw64, PROCESSOR_LEVEL=6, SYSTEMDRIVE=C:, ANTHROPIC_DEFAULT_OPUS_MODEL=qwen3.7-max, ANTHROPIC_DEFAULT_SONNET_MODEL=qwen3.7-max, OTEL_EXPORTER_OTLP_METRICS_TEMPORALITY_PREFERENCE=delta, PLATFORMCODE=KV, PROCESSOR_ARCHITECTURE=AMD64, DRIVERDATA=C:\Windows\System32\Drivers\DriverData, MSYSTEM_CHOST=x86_64-w64-mingw32, CLAUDE_CODE_ENTRYPOINT=cli, CLAUDECODE=1, RIDER_VM_OPTIONS=C:\serverPath\pojie2099\vmoptions\rider.vmoptions, PROGRAMDATA=C:\ProgramData, DEVECOSTUDIO_VM_OPTIONS=C:\serverPath\pojie2099\vmoptions\devecostudio.vmoptions, INFOPATH=C:\Program Files\Git\mingw64\local\info;C:\Program Files\Git\mingw64\share\info;C:\Program Files\Git\usr\local\info;C:\Program Files\Git\usr\share\info;C:\Program Files\Git\usr\info;C:\Program Files\Git\share\info, PKG_CONFIG_SYSTEM_INCLUDE_PATH=C:/Program Files/Git/mingw64/include, ONEDRIVE=C:\Users\13292\OneDrive, SHELL=C:\Program Files\Git\usr\bin\bash.exe, ONEDRIVECONSUMER=C:\Users\13292\OneDrive, GOPATH=C:\Users\13292\go, OLDPWD=C:/Users/13292/Desktop/claudel1/reposNew/task47/diandongcheshangpai, REGIONCODE=APJ, TMPDIR=C:\Users\13292\AppData\Local\Temp, WINDIR=C:\Windows, DATASPELL_VM_OPTIONS=C:\serverPath\pojie2099\vmoptions\dataspell.vmoptions, SSH_ASKPASS=C:/Program Files/Git/mingw64/bin/git-askpass.exe, MINGW_CHOST=x86_64-w64-mingw32, ANTHROPIC_DEFAULT_HAIKU_MODEL=qwen3.7-max, DATAGRIP_VM_OPTIONS=C:\serverPath\pojie2099\vmoptions\datagrip.vmoptions, LOCALAPPDATA=C:\Users\13292\AppData\Local, MANPATH=C:\Program Files\Git\mingw64\local\man;C:\Program Files\Git\mingw64\share\man;C:\Program Files\Git\usr\local\man;C:\Program Files\Git\usr\share\man;C:\Program Files\Git\usr\man;C:\Program Files\Git\share\man, COMMONPROGRAMFILES(X86)=C:\Program Files (x86)\Common Files, MINGW_PACKAGE_PREFIX=mingw-w64-x86_64, USERDOMAIN=LAPTOP-4P0OPOK9, LOGONSERVER=\\LAPTOP-4P0OPOK9, PYCHARM_VM_OPTIONS=C:\serverPath\pojie2099\vmoptions\pycharm.vmoptions, PLINK_PROTOCOL=ssh, JETBRAINSCLIENT_VM_OPTIONS=C:\serverPath\pojie2099\vmoptions\jetbrainsclient.vmoptions, INTELLIJ IDEA=C:\Program Files\JetBrains\IntelliJ IDEA 2026.1.2\bin, MINGW_PREFIX=C:/Program Files/Git/mingw64, DISPLAY=needs-to-be-defined, IDEA_VM_OPTIONS=C:\serverPath\pojie2099\vmoptions\idea.vmoptions, ANTHROPIC_MODEL=qwen3.7-max, PROGRAMW6432=C:\Program Files, SYSTEMROOT=C:\Windows, RUBYMINE_VM_OPTIONS=C:\serverPath\pojie2099\vmoptions\rubymine.vmoptions, MAVEN_CMD_LINE_ARGS= test, OS=Windows_NT, COMMONPROGRAMW6432=C:\Program Files\Common Files, COMMONPROGRAMFILES=C:\Program Files\Common Files, COMSPEC=C:\Windows\system32\cmd.exe, NVM_HOME=C:\Users\13292\AppData\Local\nvm, PROCESSOR_REVISION=a502, OTEL_RESOURCE_ATTRIBUTES=service.name=annotation-coding,env=production, TEMP=C:\Users\13292\AppData\Local\Temp, HOSTNAME=LAPTOP-4P0OPOK9, USERPROFILE=C:\Users\13292, DISABLE_AUTOUPDATER=1, TMP=C:\Users\13292\AppData\Local\Temp, PHPSTORM_VM_OPTIONS=C:\serverPath\pojie2099\vmoptions\phpstorm.vmoptions, HOME=C:\Users\13292}}]
2026-06-12 21:31:57 -1434 [main] DEBUG   - Looking for request mappings in application context: org.springframework.test.web.servlet.setup.StubWebApplicationContext@2b5c4f17
2026-06-12 21:31:57 -1449 [main] DEBUG   - 13 request handler methods found on class com.controller.ShangpaiController: {public com.utils.R com.controller.ShangpaiController.progress(java.util.Map,javax.servlet.http.HttpServletRequest)={[/shangpai/progress]}, public com.utils.R com.controller.ShangpaiController.add(com.entity.ShangpaiEntity,javax.servlet.http.HttpServletRequest)={[/shangpai/add]}, public com.utils.R com.controller.ShangpaiController.update(com.entity.ShangpaiEntity,javax.servlet.http.HttpServletRequest)={[/shangpai/update]}, public com.utils.R com.controller.ShangpaiController.apply(com.entity.ShangpaiEntity,javax.servlet.http.HttpServletRequest)={[/shangpai/apply]}, public com.utils.R com.controller.ShangpaiController.list(java.util.Map,javax.servlet.http.HttpServletRequest)={[/shangpai/list]}, public com.utils.R com.controller.ShangpaiController.info(java.lang.Long)={[/shangpai/info/{id}]}, public com.utils.R com.controller.ShangpaiController.delete(java.lang.Integer)={[/shangpai/delete]}, public com.utils.R com.controller.ShangpaiController.save(com.entity.ShangpaiEntity,javax.servlet.http.HttpServletRequest)={[/shangpai/save]}, public com.utils.R com.controller.ShangpaiController.page(java.util.Map,javax.servlet.http.HttpServletRequest)={[/shangpai/page]}, public com.utils.R com.controller.ShangpaiController.xuanzhe(java.lang.Integer,javax.servlet.http.HttpServletRequest)={[/shangpai/xuanzhe]}, public com.utils.R com.controller.ShangpaiController.shenhe(java.lang.Integer,java.lang.Integer)={[/shangpai/shenhe]}, public com.utils.R com.controller.ShangpaiController.detail(java.lang.Long)={[/shangpai/detail/{id}]}, public com.utils.R com.controller.ShangpaiController.progressDetail(java.lang.Long,javax.servlet.http.HttpServletRequest)={[/shangpai/progress/{id}]}}
2026-06-12 21:31:57 -1450 [main] INFO    - Mapped "{[/shangpai/progress]}" onto public com.utils.R com.controller.ShangpaiController.progress(java.util.Map<java.lang.String, java.lang.Object>,javax.servlet.http.HttpServletRequest)
2026-06-12 21:31:57 -1450 [main] INFO    - Mapped "{[/shangpai/add]}" onto public com.utils.R com.controller.ShangpaiController.add(com.entity.ShangpaiEntity,javax.servlet.http.HttpServletRequest)
2026-06-12 21:31:57 -1451 [main] INFO    - Mapped "{[/shangpai/update]}" onto public com.utils.R com.controller.ShangpaiController.update(com.entity.ShangpaiEntity,javax.servlet.http.HttpServletRequest)
2026-06-12 21:31:57 -1451 [main] INFO    - Mapped "{[/shangpai/apply]}" onto public com.utils.R com.controller.ShangpaiController.apply(com.entity.ShangpaiEntity,javax.servlet.http.HttpServletRequest)
2026-06-12 21:31:57 -1451 [main] INFO    - Mapped "{[/shangpai/list]}" onto public com.utils.R com.controller.ShangpaiController.list(java.util.Map<java.lang.String, java.lang.Object>,javax.servlet.http.HttpServletRequest)
2026-06-12 21:31:57 -1452 [main] INFO    - Mapped "{[/shangpai/info/{id}]}" onto public com.utils.R com.controller.ShangpaiController.info(java.lang.Long)
2026-06-12 21:31:57 -1452 [main] INFO    - Mapped "{[/shangpai/delete]}" onto public com.utils.R com.controller.ShangpaiController.delete(java.lang.Integer)
2026-06-12 21:31:57 -1453 [main] INFO    - Mapped "{[/shangpai/save]}" onto public com.utils.R com.controller.ShangpaiController.save(com.entity.ShangpaiEntity,javax.servlet.http.HttpServletRequest)
2026-06-12 21:31:57 -1453 [main] INFO    - Mapped "{[/shangpai/page]}" onto public com.utils.R com.controller.ShangpaiController.page(java.util.Map<java.lang.String, java.lang.Object>,javax.servlet.http.HttpServletRequest)
2026-06-12 21:31:57 -1454 [main] INFO    - Mapped "{[/shangpai/xuanzhe]}" onto public com.utils.R com.controller.ShangpaiController.xuanzhe(java.lang.Integer,javax.servlet.http.HttpServletRequest)
2026-06-12 21:31:57 -1454 [main] INFO    - Mapped "{[/shangpai/shenhe]}" onto public com.utils.R com.controller.ShangpaiController.shenhe(java.lang.Integer,java.lang.Integer)
2026-06-12 21:31:57 -1454 [main] INFO    - Mapped "{[/shangpai/detail/{id}]}" onto public com.utils.R com.controller.ShangpaiController.detail(java.lang.Long)
2026-06-12 21:31:57 -1455 [main] INFO    - Mapped "{[/shangpai/progress/{id}]}" onto public com.utils.R com.controller.ShangpaiController.progressDetail(java.lang.Long,javax.servlet.http.HttpServletRequest)
2026-06-12 21:31:57 -1462 [main] DEBUG   - Cannot find javax.persistence.Persistence on classpath. Assuming non JPA 2 environment. All properties will per default be traversable.
2026-06-12 21:31:57 -1463 [main] DEBUG   - Setting custom MessageInterpolator of type org.springframework.validation.beanvalidation.LocaleContextMessageInterpolator
2026-06-12 21:31:57 -1463 [main] DEBUG   - Setting custom ParameterNameProvider of type org.springframework.validation.beanvalidation.LocalValidatorFactoryBean$1
2026-06-12 21:31:57 -1463 [main] DEBUG   - Trying to load META-INF/validation.xml for XML based Validator configuration.
2026-06-12 21:31:57 -1463 [main] DEBUG   - Trying to load META-INF/validation.xml via TCCL
2026-06-12 21:31:57 -1464 [main] DEBUG   - Trying to load META-INF/validation.xml via Hibernate Validator's class loader
2026-06-12 21:31:57 -1464 [main] DEBUG   - No META-INF/validation.xml found. Using annotation based configuration only.
2026-06-12 21:31:57 -1466 [main] INFO    - Looking for @ControllerAdvice: org.springframework.test.web.servlet.setup.StubWebApplicationContext@2b5c4f17
2026-06-12 21:31:57 -1468 [main] DEBUG   - Looking for exception mappings: org.springframework.test.web.servlet.setup.StubWebApplicationContext@2b5c4f17
2026-06-12 21:31:57 -1469 [main] DEBUG   - Initializing servlet ''
2026-06-12 21:31:57 -1469 [main] INFO    - Initializing Spring FrameworkServlet ''
2026-06-12 21:31:57 -1469 [main] INFO    - FrameworkServlet '': initialization started
2026-06-12 21:31:57 -1469 [main] DEBUG   - Unable to locate MultipartResolver with name 'multipartResolver': no multipart request handling provided
2026-06-12 21:31:57 -1469 [main] DEBUG   - Using LocaleResolver [org.springframework.web.servlet.i18n.AcceptHeaderLocaleResolver@732f6050]
2026-06-12 21:31:57 -1470 [main] DEBUG   - Using ThemeResolver [org.springframework.web.servlet.theme.FixedThemeResolver@6fbc1bb]
2026-06-12 21:31:57 -1470 [main] DEBUG   - Using RequestToViewNameTranslator [org.springframework.web.servlet.view.DefaultRequestToViewNameTranslator@30c4e352]
2026-06-12 21:31:57 -1470 [main] DEBUG   - Using FlashMapManager [org.springframework.web.servlet.support.SessionFlashMapManager@f1dd5b4]
2026-06-12 21:31:57 -1470 [main] DEBUG   - Published WebApplicationContext of servlet '' as ServletContext attribute with name [org.springframework.web.servlet.FrameworkServlet.CONTEXT.]
2026-06-12 21:31:57 -1470 [main] INFO    - FrameworkServlet '': initialization completed in 1 ms
2026-06-12 21:31:57 -1471 [main] DEBUG   - Servlet '' configured successfully
2026-06-12 21:31:57 -1589 [main] DEBUG   - DispatcherServlet with name '' processing POST request for [/shangpai/apply]
2026-06-12 21:31:57 -1589 [main] DEBUG   - Looking up handler method for path /shangpai/apply
2026-06-12 21:31:58 -1590 [main] DEBUG   - Returning handler method [public com.utils.R com.controller.ShangpaiController.apply(com.entity.ShangpaiEntity,javax.servlet.http.HttpServletRequest)]
2026-06-12 21:31:58 -1656 [main] DEBUG   - Read [class com.entity.ShangpaiEntity] as "application/json" with [org.springframework.http.converter.json.MappingJackson2HttpMessageConverter@79d82f66]
2026-06-12 21:31:58 -1698 [main] DEBUG   - Failed to meta-introspect annotation [interface org.springframework.web.bind.annotation.RequestBody]: java.lang.IllegalArgumentException: Annotation must not be null
2026-06-12 21:31:58 -1704 [main] DEBUG   - apply鏂规硶:,,Controller:com.controller.ShangpaiController,,shangpai:Shangpai{id=null, yonghuId=null, xuanpaiId=1, shangpaiTypes=null, baoxianId=2, insertTime=null, createTime=null}
2026-06-12 21:31:58 -1723 [main] DEBUG   - Written [{code=0, data=Shangpai{id=10, yonghuId=1, xuanpaiId=1, shangpaiTypes=1, baoxianId=2, insertTime=Fri Jun 12 21:31:57 GMT+08:00 2026, createTime=Fri Jun 12 21:31:57 GMT+08:00 2026}}] as "application/json" using [org.springframework.http.converter.json.MappingJackson2HttpMessageConverter@79d82f66]
2026-06-12 21:31:58 -1724 [main] DEBUG   - Null ModelAndView returned to DispatcherServlet with name '': assuming HandlerAdapter completed request handling
2026-06-12 21:31:58 -1760 [main] DEBUG   - Successfully completed request
2026-06-12 21:31:58 -1761 [main] DEBUG   - Evaluating path: $['code']
2026-06-12 21:31:58 -1761 [main] DEBUG   - Evaluating path: $['data']
]]></system-out>
  </testcase>
  <testcase name="testProgressDetail_AccessControl" classname="com.controller.ShangpaiControllerIntegrationTest" time="0.082">
    <system-out><![CDATA[2026-06-12 21:31:58 -1763 [main] DEBUG   - Adding PropertySource 'systemProperties' with lowest search precedence
2026-06-12 21:31:58 -1763 [main] DEBUG   - Adding PropertySource 'systemEnvironment' with lowest search precedence
2026-06-12 21:31:58 -1764 [main] DEBUG   - Initialized StandardEnvironment with PropertySources [MapPropertySource@1955251955 {name='systemProperties', properties={java.specification.version=17, sun.cpu.isalist=amd64, sun.jnu.encoding=GBK, java.class.path=C:\Users\13292\Desktop\claudel1\reposNew\task47\diandongcheshangpai\target\test-classes;C:\Users\13292\Desktop\claudel1\reposNew\task47\diandongcheshangpai\target\classes;C:\Users\13292\.m2\repository\junit\junit\4.12\junit-4.12.jar;C:\Users\13292\.m2\repository\org\hamcrest\hamcrest-core\1.3\hamcrest-core-1.3.jar;C:\Users\13292\.m2\repository\org\springframework\spring-core\5.0.0.RELEASE\spring-core-5.0.0.RELEASE.jar;C:\Users\13292\.m2\repository\org\springframework\spring-jcl\5.0.0.RELEASE\spring-jcl-5.0.0.RELEASE.jar;C:\Users\13292\.m2\repository\org\springframework\spring-context\5.0.0.RELEASE\spring-context-5.0.0.RELEASE.jar;C:\Users\13292\.m2\repository\org\springframework\spring-expression\5.0.0.RELEASE\spring-expression-5.0.0.RELEASE.jar;C:\Users\13292\.m2\repository\org\springframework\spring-context-support\5.0.0.RELEASE\spring-context-support-5.0.0.RELEASE.jar;C:\Users\13292\.m2\repository\org\springframework\spring-tx\5.0.0.RELEASE\spring-tx-5.0.0.RELEASE.jar;C:\Users\13292\.m2\repository\org\springframework\spring-aop\5.0.0.RELEASE\spring-aop-5.0.0.RELEASE.jar;C:\Users\13292\.m2\repository\org\springframework\spring-beans\5.0.0.RELEASE\spring-beans-5.0.0.RELEASE.jar;C:\Users\13292\.m2\repository\org\springframework\spring-jdbc\5.0.0.RELEASE\spring-jdbc-5.0.0.RELEASE.jar;C:\Users\13292\.m2\repository\org\springframework\spring-web\5.0.0.RELEASE\spring-web-5.0.0.RELEASE.jar;C:\Users\13292\.m2\repository\org\springframework\spring-webmvc\5.0.0.RELEASE\spring-webmvc-5.0.0.RELEASE.jar;C:\Users\13292\.m2\repository\org\aspectj\aspectjweaver\1.8.8\aspectjweaver-1.8.8.jar;C:\Users\13292\.m2\repository\commons-fileupload\commons-fileupload\1.3.1\commons-fileupload-1.3.1.jar;C:\Users\13292\.m2\repository\javax\servlet\jstl\1.2\jstl-1.2.jar;C:\Users\13292\.m2\repository\com\baomidou\mybatis-plus\2.3\mybatis-plus-2.3.jar;C:\Users\13292\.m2\repository\com\baomidou\mybatis-plus-support\2.3\mybatis-plus-support-2.3.jar;C:\Users\13292\.m2\repository\com\baomidou\mybatis-plus-core\2.3\mybatis-plus-core-2.3.jar;C:\Users\13292\.m2\repository\com\github\jsqlparser\jsqlparser\1.1\jsqlparser-1.1.jar;C:\Users\13292\.m2\repository\org\mybatis\mybatis-spring\1.3.2\mybatis-spring-1.3.2.jar;C:\Users\13292\.m2\repository\org\mybatis\mybatis\3.4.6\mybatis-3.4.6.jar;C:\Users\13292\.m2\repository\com\baomidou\mybatis-plus-generate\2.3\mybatis-plus-generate-2.3.jar;C:\Users\13292\.m2\repository\mysql\mysql-connector-java\5.1.38\mysql-connector-java-5.1.38.jar;C:\Users\13292\.m2\repository\com\alibaba\druid\1.1.0\druid-1.1.0.jar;C:\Users\13292\.m2\repository\com\alibaba\fastjson\1.2.8\fastjson-1.2.8.jar;C:\Users\13292\.m2\repository\log4j\log4j\1.2.17\log4j-1.2.17.jar;C:\Users\13292\.m2\repository\org\slf4j\slf4j-api\1.7.19\slf4j-api-1.7.19.jar;C:\Users\13292\.m2\repository\org\slf4j\slf4j-log4j12\1.7.19\slf4j-log4j12-1.7.19.jar;C:\Users\13292\.m2\repository\org\springframework\spring-test\5.0.0.RELEASE\spring-test-5.0.0.RELEASE.jar;C:\Users\13292\.m2\repository\org\mockito\mockito-core\2.28.2\mockito-core-2.28.2.jar;C:\Users\13292\.m2\repository\net\bytebuddy\byte-buddy\1.9.10\byte-buddy-1.9.10.jar;C:\Users\13292\.m2\repository\net\bytebuddy\byte-buddy-agent\1.9.10\byte-buddy-agent-1.9.10.jar;C:\Users\13292\.m2\repository\org\objenesis\objenesis\2.6\objenesis-2.6.jar;C:\Users\13292\.m2\repository\javax\xml\bind\jaxb-api\2.3.1\jaxb-api-2.3.1.jar;C:\Users\13292\.m2\repository\javax\activation\javax.activation-api\1.2.0\javax.activation-api-1.2.0.jar;C:\Users\13292\.m2\repository\com\jayway\jsonpath\json-path\2.4.0\json-path-2.4.0.jar;C:\Users\13292\.m2\repository\net\minidev\json-smart\2.3\json-smart-2.3.jar;C:\Users\13292\.m2\repository\net\minidev\accessors-smart\1.2\accessors-smart-1.2.jar;C:\Users\13292\.m2\repository\org\ow2\asm\asm\5.0.4\asm-5.0.4.jar;C:\Users\13292\.m2\repository\org\apache\commons\commons-lang3\3.0\commons-lang3-3.0.jar;C:\Users\13292\.m2\repository\javax\validation\validation-api\2.0.1.Final\validation-api-2.0.1.Final.jar;C:\Users\13292\.m2\repository\commons-io\commons-io\2.5\commons-io-2.5.jar;C:\Users\13292\.m2\repository\cn\hutool\hutool-all\4.0.12\hutool-all-4.0.12.jar;C:\Users\13292\.m2\repository\org\apache\tomcat\embed\tomcat-embed-core\9.0.29\tomcat-embed-core-9.0.29.jar;C:\Users\13292\.m2\repository\org\apache\tomcat\tomcat-annotations-api\9.0.29\tomcat-annotations-api-9.0.29.jar;C:\Users\13292\.m2\repository\commons-beanutils\commons-beanutils\1.8.0\commons-beanutils-1.8.0.jar;C:\Users\13292\.m2\repository\commons-logging\commons-logging\1.1.1\commons-logging-1.1.1.jar;C:\Users\13292\.m2\repository\com\fasterxml\jackson\core\jackson-annotations\2.10.1\jackson-annotations-2.10.1.jar;C:\Users\13292\.m2\repository\com\fasterxml\jackson\core\jackson-databind\2.10.1\jackson-databind-2.10.1.jar;C:\Users\13292\.m2\repository\com\fasterxml\jackson\core\jackson-core\2.10.1\jackson-core-2.10.1.jar;C:\Users\13292\.m2\repository\org\codehaus\jackson\jackson-mapper-asl\1.9.13\jackson-mapper-asl-1.9.13.jar;C:\Users\13292\.m2\repository\org\codehaus\jackson\jackson-core-asl\1.9.13\jackson-core-asl-1.9.13.jar;C:\Users\13292\.m2\repository\javax\servlet\jsp\jsp-api\2.1\jsp-api-2.1.jar;C:\Users\13292\.m2\repository\com\baidu\aip\java-sdk\4.4.1\java-sdk-4.4.1.jar;C:\Users\13292\.m2\repository\org\json\json\20160810\json-20160810.jar;C:\Users\13292\.m2\repository\org\apache\tomcat\embed\tomcat-embed-jasper\9.0.27\tomcat-embed-jasper-9.0.27.jar;C:\Users\13292\.m2\repository\org\apache\tomcat\embed\tomcat-embed-el\9.0.27\tomcat-embed-el-9.0.27.jar;C:\Users\13292\.m2\repository\org\eclipse\jdt\ecj\3.18.0\ecj-3.18.0.jar;C:\Users\13292\.m2\repository\org\hibernate\hibernate-validator\5.2.4.Final\hibernate-validator-5.2.4.Final.jar;C:\Users\13292\.m2\repository\org\jboss\logging\jboss-logging\3.2.1.Final\jboss-logging-3.2.1.Final.jar;C:\Users\13292\.m2\repository\com\fasterxml\classmate\1.1.0\classmate-1.1.0.jar;C:\Users\13292\.m2\repository\org\apache\poi\poi-scratchpad\3.11-beta2\poi-scratchpad-3.11-beta2.jar;C:\Users\13292\.m2\repository\org\apache\poi\poi\3.11-beta2\poi-3.11-beta2.jar;C:\Users\13292\.m2\repository\commons-codec\commons-codec\1.9\commons-codec-1.9.jar;C:\Users\13292\.m2\repository\org\apache\poi\poi-ooxml\3.11-beta2\poi-ooxml-3.11-beta2.jar;C:\Users\13292\.m2\repository\org\apache\poi\poi-ooxml-schemas\3.11-beta2\poi-ooxml-schemas-3.11-beta2.jar;C:\Users\13292\.m2\repository\org\apache\xmlbeans\xmlbeans\2.6.0\xmlbeans-2.6.0.jar;C:\Users\13292\.m2\repository\stax\stax-api\1.0.1\stax-api-1.0.1.jar;C:\Users\13292\.m2\repository\org\apache\poi\poi-excelant\3.11-beta2\poi-excelant-3.11-beta2.jar;C:\Users\13292\.m2\repository\org\apache\ant\ant\1.8.2\ant-1.8.2.jar;C:\Users\13292\.m2\repository\org\apache\ant\ant-launcher\1.8.2\ant-launcher-1.8.2.jar;, java.vm.vendor=Microsoft, sun.arch.data.model=64, user.variant=, java.vendor.url=https://www.microsoft.com, user.timezone=GMT+08:00, java.vm.specification.version=17, os.name=Windows 10, sun.java.launcher=SUN_STANDARD, user.country=CN, sun.boot.library.path=C:\Users\13292\.jdks\ms-17.0.19\bin, sun.java.command=C:\Users\13292\AppData\Local\Temp\surefire11372997374780968477\surefirebooter-20260612213153074_3.jar C:\Users\13292\AppData\Local\Temp\surefire11372997374780968477 2026-06-12T21-31-52_618-jvmRun1 surefire-20260612213153074_1tmp surefire_0-20260612213153074_2tmp, jdk.debug=release, surefire.test.class.path=C:\Users\13292\Desktop\claudel1\reposNew\task47\diandongcheshangpai\target\test-classes;C:\Users\13292\Desktop\claudel1\reposNew\task47\diandongcheshangpai\target\classes;C:\Users\13292\.m2\repository\junit\junit\4.12\junit-4.12.jar;C:\Users\13292\.m2\repository\org\hamcrest\hamcrest-core\1.3\hamcrest-core-1.3.jar;C:\Users\13292\.m2\repository\org\springframework\spring-core\5.0.0.RELEASE\spring-core-5.0.0.RELEASE.jar;C:\Users\13292\.m2\repository\org\springframework\spring-jcl\5.0.0.RELEASE\spring-jcl-5.0.0.RELEASE.jar;C:\Users\13292\.m2\repository\org\springframework\spring-context\5.0.0.RELEASE\spring-context-5.0.0.RELEASE.jar;C:\Users\13292\.m2\repository\org\springframework\spring-expression\5.0.0.RELEASE\spring-expression-5.0.0.RELEASE.jar;C:\Users\13292\.m2\repository\org\springframework\spring-context-support\5.0.0.RELEASE\spring-context-support-5.0.0.RELEASE.jar;C:\Users\13292\.m2\repository\org\springframework\spring-tx\5.0.0.RELEASE\spring-tx-5.0.0.RELEASE.jar;C:\Users\13292\.m2\repository\org\springframework\spring-aop\5.0.0.RELEASE\spring-aop-5.0.0.RELEASE.jar;C:\Users\13292\.m2\repository\org\springframework\spring-beans\5.0.0.RELEASE\spring-beans-5.0.0.RELEASE.jar;C:\Users\13292\.m2\repository\org\springframework\spring-jdbc\5.0.0.RELEASE\spring-jdbc-5.0.0.RELEASE.jar;C:\Users\13292\.m2\repository\org\springframework\spring-web\5.0.0.RELEASE\spring-web-5.0.0.RELEASE.jar;C:\Users\13292\.m2\repository\org\springframework\spring-webmvc\5.0.0.RELEASE\spring-webmvc-5.0.0.RELEASE.jar;C:\Users\13292\.m2\repository\org\aspectj\aspectjweaver\1.8.8\aspectjweaver-1.8.8.jar;C:\Users\13292\.m2\repository\commons-fileupload\commons-fileupload\1.3.1\commons-fileupload-1.3.1.jar;C:\Users\13292\.m2\repository\javax\servlet\jstl\1.2\jstl-1.2.jar;C:\Users\13292\.m2\repository\com\baomidou\mybatis-plus\2.3\mybatis-plus-2.3.jar;C:\Users\13292\.m2\repository\com\baomidou\mybatis-plus-support\2.3\mybatis-plus-support-2.3.jar;C:\Users\13292\.m2\repository\com\baomidou\mybatis-plus-core\2.3\mybatis-plus-core-2.3.jar;C:\Users\13292\.m2\repository\com\github\jsqlparser\jsqlparser\1.1\jsqlparser-1.1.jar;C:\Users\13292\.m2\repository\org\mybatis\mybatis-spring\1.3.2\mybatis-spring-1.3.2.jar;C:\Users\13292\.m2\repository\org\mybatis\mybatis\3.4.6\mybatis-3.4.6.jar;C:\Users\13292\.m2\repository\com\baomidou\mybatis-plus-generate\2.3\mybatis-plus-generate-2.3.jar;C:\Users\13292\.m2\repository\mysql\mysql-connector-java\5.1.38\mysql-connector-java-5.1.38.jar;C:\Users\13292\.m2\repository\com\alibaba\druid\1.1.0\druid-1.1.0.jar;C:\Users\13292\.m2\repository\com\alibaba\fastjson\1.2.8\fastjson-1.2.8.jar;C:\Users\13292\.m2\repository\log4j\log4j\1.2.17\log4j-1.2.17.jar;C:\Users\13292\.m2\repository\org\slf4j\slf4j-api\1.7.19\slf4j-api-1.7.19.jar;C:\Users\13292\.m2\repository\org\slf4j\slf4j-log4j12\1.7.19\slf4j-log4j12-1.7.19.jar;C:\Users\13292\.m2\repository\org\springframework\spring-test\5.0.0.RELEASE\spring-test-5.0.0.RELEASE.jar;C:\Users\13292\.m2\repository\org\mock
[...]
, java.vm.specification.vendor=Oracle Corporation, java.specification.name=Java Platform API Specification, surefire.real.class.path=C:\Users\13292\AppData\Local\Temp\surefire11372997374780968477\surefirebooter-20260612213153074_3.jar, user.script=, sun.management.compiler=HotSpot 64-Bit Tiered Compilers, java.runtime.version=17.0.19+10-LTS, user.name=13292, path.separator=;, os.version=10.0, java.runtime.name=OpenJDK Runtime Environment, file.encoding=GBK, java.vm.name=OpenJDK 64-Bit Server VM, java.vendor.version=Microsoft-13877129, localRepository=C:\Users\13292\.m2\repository, java.vendor.url.bug=https://github.com/microsoft/openjdk/issues, java.io.tmpdir=C:\Users\13292\AppData\Local\Temp\, java.version=17.0.19, user.dir=C:\Users\13292\Desktop\claudel1\reposNew\task47\diandongcheshangpai, os.arch=amd64, java.vm.specification.name=Java Virtual Machine Specification, sun.os.patch.level=, native.encoding=GBK, java.library.path=C:\Users\13292\.jdks\ms-17.0.19\bin;C:\Windows\Sun\Java\bin;C:\Windows\system32;C:\Windows;C:\Program Files\Git\mingw64\bin;C:\Program Files\Git\usr\bin;C:\Users\13292\bin;C:\Users\13292\bin;C:\Program Files\Git\mingw64\bin;C:\Program Files\Git\usr\local\bin;C:\Program Files\Git\usr\bin;C:\Program Files\Git\usr\bin;C:\Program Files\Git\mingw64\bin;C:\Program Files\Git\usr\bin;C:\Users\13292\bin;C:\windows\system32;C:\windows;C:\windows\System32\Wbem;C:\windows\System32\WindowsPowerShell\v1.0;C:\windows\System32\OpenSSH;C:\Program Files (x86)\NVIDIA Corporation\PhysX\Common;C:\Program Files\NVIDIA Corporation\NVIDIA NvDLISR;C:\Windows\system32;C:\Windows;C:\Windows\System32\Wbem;C:\Windows\System32\WindowsPowerShell\v1.0;C:\Windows\System32\OpenSSH;C:\Program Files\dotnet;C:\Users\13292\AppData\Local\nvm;C:\nvm4w\nodejs;C:\serverPath\apache-maven-3.9.16\bin;C:\Program Files\Git\cmd;C:\Program Files\cursor\resources\app\bin;C:\Users\13292\.jdks\ms-17.0.19\bin;C:\Program Files\Go\bin;C:\Program Files\GitHub CLI;C:\Users\13292\AppData\Local\Programs\Python\Python312\Scripts;C:\Users\13292\AppData\Local\Programs\Python\Python312;C:\Users\13292\AppData\Local\Microsoft\WindowsApps;C:\Users\13292\AppData\Local\nvm;C:\nvm4w\nodejs;C:\Program Files\JetBrains\IntelliJ IDEA 2026.1.2\bin;C:\Users\13292\go\bin;C:\Program Files\Git\usr\bin\vendor_perl;C:\Program Files\Git\usr\bin\core_perl;., java.vm.info=mixed mode, sharing, java.vendor=Microsoft, java.vm.version=17.0.19+10-LTS, java.specification.maintenance.version=1, sun.io.unicode.encoding=UnicodeLittle, java.class.version=61.0}}, SystemEnvironmentPropertySource@529766927 {name='systemEnvironment', properties={PATH=C:\Program Files\Git\mingw64\bin;C:\Program Files\Git\usr\bin;C:\Users\13292\bin;C:\Users\13292\bin;C:\Program Files\Git\mingw64\bin;C:\Program Files\Git\usr\local\bin;C:\Program Files\Git\usr\bin;C:\Program Files\Git\usr\bin;C:\Program Files\Git\mingw64\bin;C:\Program Files\Git\usr\bin;C:\Users\13292\bin;C:\windows\system32;C:\windows;C:\windows\System32\Wbem;C:\windows\System32\WindowsPowerShell\v1.0;C:\windows\System32\OpenSSH;C:\Program Files (x86)\NVIDIA Corporation\PhysX\Common;C:\Program Files\NVIDIA Corporation\NVIDIA NvDLISR;C:\Windows\system32;C:\Windows;C:\Windows\System32\Wbem;C:\Windows\System32\WindowsPowerShell\v1.0;C:\Windows\System32\OpenSSH;C:\Program Files\dotnet;C:\Users\13292\AppData\Local\nvm;C:\nvm4w\nodejs;C:\serverPath\apache-maven-3.9.16\bin;C:\Program Files\Git\cmd;C:\Program Files\cursor\resources\app\bin;C:\Users\13292\.jdks\ms-17.0.19\bin;C:\Program Files\Go\bin;C:\Program Files\GitHub CLI;C:\Users\13292\AppData\Local\Programs\Python\Python312\Scripts;C:\Users\13292\AppData\Local\Programs\Python\Python312;C:\Users\13292\AppData\Local\Microsoft\WindowsApps;C:\Users\13292\AppData\Local\nvm;C:\nvm4w\nodejs;C:\Program Files\JetBrains\IntelliJ IDEA 2026.1.2\bin;C:\Users\13292\go\bin;C:\Program Files\Git\usr\bin\vendor_perl;C:\Program Files\Git\usr\bin\core_perl, PKG_CONFIG_PATH=C:\Program Files\Git\mingw64\lib\pkgconfig;C:\Program Files\Git\mingw64\share\pkgconfig, NVM_SYMLINK=C:\nvm4w\nodejs, CONFIG_SITE=C:/Program Files/Git/etc/config.site, SESSIONNAME=Console, ALLUSERSPROFILE=C:\ProgramData, GATEWAY_VM_OPTIONS=C:\serverPath\pojie2099\vmoptions\gateway.vmoptions, COREPACK_ENABLE_AUTO_PIN=0, ORIGINAL_TEMP=C:/Users/13292/AppData/Local/Temp, PROGRAMFILES=C:\Program Files, PSMODULEPATH=C:\Program Files\WindowsPowerShell\Modules;C:\Windows\system32\WindowsPowerShell\v1.0\Modules, NODEFAULTCURRENTDIRECTORYINEXEPATH=1, USERNAME=13292, PWD=C:/Users/13292/Desktop/claudel1/reposNew/task47/diandongcheshangpai, STUDIO_VM_OPTIONS=C:\serverPath\pojie2099\vmoptions\studio.vmoptions, TERM_PROGRAM_VERSION=3.8.2, FPS_BROWSER_USER_PROFILE_STRING=Default, PATHEXT=.COM;.EXE;.BAT;.CMD;.VBS;.VBE;.JS;.JSE;.WSF;.WSH;.MSC, APPCODE_VM_OPTIONS=C:\serverPath\pojie2099\vmoptions\appcode.vmoptions, ORIGINAL_TMP=C:/Users/13292/AppData/Local/Temp, HOMEPATH=\Users\13292, PROCESSOR_IDENTIFIER=Intel64 Family 6 Model 165 Stepping 2, GenuineIntel, PUBLIC=C:\Users\Public, ANTHROPIC_BASE_URL=https://dashscope.aliyuncs.com/apps/anthropic, LC_CTYPE=zh_CN.UTF-8, EXEPATH=C:\Program Files\Git\bin, SHLVL=2, ZES_ENABLE_SYSMAN=1, ORIGINAL_PATH=C:\Program Files\Git\mingw64\bin;C:\Program Files\Git\usr\bin;C:\Users\13292\bin;C:\windows\system32;C:\windows;C:\windows\System32\Wbem;C:\windows\System32\WindowsPowerShell\v1.0;C:\windows\System32\OpenSSH;C:\Program Files (x86)\NVIDIA Corporation\PhysX\Common;C:\Program Files\NVIDIA Corporation\NVIDIA NvDLISR;C:\Windows\system32;C:\Windows;C:\Windows\System32\Wbem;C:\Windows\System32\WindowsPowerShell\v1.0;C:\Windows\System32\OpenSSH;C:\Program Files\dotnet;C:\Users\13292\AppData\Local\nvm;C:\nvm4w\nodejs;C:\serverPath\apache-maven-3.9.16\bin;C:\Program Files\Git\cmd;C:\Program Files\cursor\resources\app\bin;C:\Users\13292\.jdks\ms-17.0.19\bin;C:\Program Files\Go\bin;C:\Program Files\GitHub CLI;C:\Users\13292\AppData\Local\Programs\Python\Python312\Scripts;C:\Users\13292\AppData\Local\Programs\Python\Python312;C:\Users\13292\AppData\Local\Microsoft\WindowsApps;C:\Users\13292\AppData\Local\nvm;C:\nvm4w\nodejs;C:\Program Files\JetBrains\IntelliJ IDEA 2026.1.2\bin;C:\Users\13292\go\bin, FPS_BROWSER_APP_PROFILE_STRING=Internet Explorer, WEBSTORM_VM_OPTIONS=C:\serverPath\pojie2099\vmoptions\webstorm.vmoptions, PROMPT=$P$G, CLION_VM_OPTIONS=C:\serverPath\pojie2099\vmoptions\clion.vmoptions, GIT_EDITOR=true, PROGRAMFILES(X86)=C:\Program Files (x86), TERM=xterm, ANTHROPIC_API_KEY=sk-bc6ab60613d948ac9dcd7f45101112d6, ONLINESERVICES=Online Services, GOLAND_VM_OPTIONS=C:\serverPath\pojie2099\vmoptions\goland.vmoptions, MSYSTEM=MINGW64, =C:=C:\Users\13292\Desktop\claudel1\reposNew\task47\diandongcheshangpai, APPDATA=C:\Users\13292\AppData\Roaming, JETBRAINS_CLIENT_VM_OPTIONS=C:\serverPath\pojie2099\vmoptions\jetbrains_client.vmoptions, OTEL_EXPORTER_OTLP_ENDPOINT=http://sunfire-ingestion-external.alibaba-inc.com, TERM_PROGRAM=mintty, COMPUTERNAME=LAPTOP-4P0OPOK9, MAVEN_PROJECTBASEDIR=C:/Users/13292/Desktop/claudel1/reposNew/task47/diandongcheshangpai, ACLOCAL_PATH=C:\Program Files\Git\mingw64\share\aclocal;C:\Program Files\Git\usr\share\aclocal, MSYSTEM_CARCH=x86_64, WEBIDE_VM_OPTIONS=C:\serverPath\pojie2099\vmoptions\webide.vmoptions, HOMEDRIVE=C:, NUMBER_OF_PROCESSORS=8, PKG_CONFIG_SYSTEM_LIBRARY_PATH=C:/Program Files/Git/mingw64/lib, USERDOMAIN_ROAMINGPROFILE=LAPTOP-4P0OPOK9, MSYSTEM_PREFIX=C:/Program Files/Git/mingw64, PROCESSOR_LEVEL=6, SYSTEMDRIVE=C:, ANTHROPIC_DEFAULT_OPUS_MODEL=qwen3.7-max, ANTHROPIC_DEFAULT_SONNET_MODEL=qwen3.7-max, OTEL_EXPORTER_OTLP_METRICS_TEMPORALITY_PREFERENCE=delta, PLATFORMCODE=KV, PROCESSOR_ARCHITECTURE=AMD64, DRIVERDATA=C:\Windows\System32\Drivers\DriverData, MSYSTEM_CHOST=x86_64-w64-mingw32, CLAUDE_CODE_ENTRYPOINT=cli, CLAUDECODE=1, RIDER_VM_OPTIONS=C:\serverPath\pojie2099\vmoptions\rider.vmoptions, PROGRAMDATA=C:\ProgramData, DEVECOSTUDIO_VM_OPTIONS=C:\serverPath\pojie2099\vmoptions\devecostudio.vmoptions, INFOPATH=C:\Program Files\Git\mingw64\local\info;C:\Program Files\Git\mingw64\share\info;C:\Program Files\Git\usr\local\info;C:\Program Files\Git\usr\share\info;C:\Program Files\Git\usr\info;C:\Program Files\Git\share\info, PKG_CONFIG_SYSTEM_INCLUDE_PATH=C:/Program Files/Git/mingw64/include, ONEDRIVE=C:\Users\13292\OneDrive, SHELL=C:\Program Files\Git\usr\bin\bash.exe, ONEDRIVECONSUMER=C:\Users\13292\OneDrive, GOPATH=C:\Users\13292\go, OLDPWD=C:/Users/13292/Desktop/claudel1/reposNew/task47/diandongcheshangpai, REGIONCODE=APJ, TMPDIR=C:\Users\13292\AppData\Local\Temp, WINDIR=C:\Windows, DATASPELL_VM_OPTIONS=C:\serverPath\pojie2099\vmoptions\dataspell.vmoptions, SSH_ASKPASS=C:/Program Files/Git/mingw64/bin/git-askpass.exe, MINGW_CHOST=x86_64-w64-mingw32, ANTHROPIC_DEFAULT_HAIKU_MODEL=qwen3.7-max, DATAGRIP_VM_OPTIONS=C:\serverPath\pojie2099\vmoptions\datagrip.vmoptions, LOCALAPPDATA=C:\Users\13292\AppData\Local, MANPATH=C:\Program Files\Git\mingw64\local\man;C:\Program Files\Git\mingw64\share\man;C:\Program Files\Git\usr\local\man;C:\Program Files\Git\usr\share\man;C:\Program Files\Git\usr\man;C:\Program Files\Git\share\man, COMMONPROGRAMFILES(X86)=C:\Program Files (x86)\Common Files, MINGW_PACKAGE_PREFIX=mingw-w64-x86_64, USERDOMAIN=LAPTOP-4P0OPOK9, LOGONSERVER=\\LAPTOP-4P0OPOK9, PYCHARM_VM_OPTIONS=C:\serverPath\pojie2099\vmoptions\pycharm.vmoptions, PLINK_PROTOCOL=ssh, JETBRAINSCLIENT_VM_OPTIONS=C:\serverPath\pojie2099\vmoptions\jetbrainsclient.vmoptions, INTELLIJ IDEA=C:\Program Files\JetBrains\IntelliJ IDEA 2026.1.2\bin, MINGW_PREFIX=C:/Program Files/Git/mingw64, DISPLAY=needs-to-be-defined, IDEA_VM_OPTIONS=C:\serverPath\pojie2099\vmoptions\idea.vmoptions, ANTHROPIC_MODEL=qwen3.7-max, PROGRAMW6432=C:\Program Files, SYSTEMROOT=C:\Windows, RUBYMINE_VM_OPTIONS=C:\serverPath\pojie2099\vmoptions\rubymine.vmoptions, MAVEN_CMD_LINE_ARGS= test, OS=Windows_NT, COMMONPROGRAMW6432=C:\Program Files\Common Files, COMMONPROGRAMFILES=C:\Program Files\Common Files, COMSPEC=C:\Windows\system32\cmd.exe, NVM_HOME=C:\Users\13292\AppData\Local\nvm, PROCESSOR_REVISION=a502, OTEL_RESOURCE_ATTRIBUTES=service.name=annotation-coding,env=production, TEMP=C:\Users\13292\AppData\Local\Temp, HOSTNAME=LAPTOP-4P0OPOK9, USERPROFILE=C:\Users\13292, DISABLE_AUTOUPDATER=1, TMP=C:\Users\13292\AppData\Local\Temp, PHPSTORM_VM_OPTIONS=C:\serverPath\pojie2099\vmoptions\phpstorm.vmoptions, HOME=C:\Users\13292}}]
2026-06-12 21:31:58 -1951 [main] DEBUG   - Looking for request mappings in application context: org.springframework.test.web.servlet.setup.StubWebApplicationContext@14924f41
2026-06-12 21:31:58 -1954 [main] DEBUG   - 13 request handler methods found on class com.controller.ShangpaiController: {public com.utils.R com.controller.ShangpaiController.progress(java.util.Map,javax.servlet.http.HttpServletRequest)={[/shangpai/progress]}, public com.utils.R com.controller.ShangpaiController.add(com.entity.ShangpaiEntity,javax.servlet.http.HttpServletRequest)={[/shangpai/add]}, public com.utils.R com.controller.ShangpaiController.update(com.entity.ShangpaiEntity,javax.servlet.http.HttpServletRequest)={[/shangpai/update]}, public com.utils.R com.controller.ShangpaiController.apply(com.entity.ShangpaiEntity,javax.servlet.http.HttpServletRequest)={[/shangpai/apply]}, public com.utils.R com.controller.ShangpaiController.list(java.util.Map,javax.servlet.http.HttpServletRequest)={[/shangpai/list]}, public com.utils.R com.controller.ShangpaiController.info(java.lang.Long)={[/shangpai/info/{id}]}, public com.utils.R com.controller.ShangpaiController.delete(java.lang.Integer)={[/shangpai/delete]}, public com.utils.R com.controller.ShangpaiController.save(com.entity.ShangpaiEntity,javax.servlet.http.HttpServletRequest)={[/shangpai/save]}, public com.utils.R com.controller.ShangpaiController.page(java.util.Map,javax.servlet.http.HttpServletRequest)={[/shangpai/page]}, public com.utils.R com.controller.ShangpaiController.xuanzhe(java.lang.Integer,javax.servlet.http.HttpServletRequest)={[/shangpai/xuanzhe]}, public com.utils.R com.controller.ShangpaiController.shenhe(java.lang.Integer,java.lang.Integer)={[/shangpai/shenhe]}, public com.utils.R com.controller.ShangpaiController.detail(java.lang.Long)={[/shangpai/detail/{id}]}, public com.utils.R com.controller.ShangpaiController.progressDetail(java.lang.Long,javax.servlet.http.HttpServletRequest)={[/shangpai/progress/{id}]}}
2026-06-12 21:31:58 -1955 [main] INFO    - Mapped "{[/shangpai/progress]}" onto public com.utils.R com.controller.ShangpaiController.progress(java.util.Map<java.lang.String, java.lang.Object>,javax.servlet.http.HttpServletRequest)
2026-06-12 21:31:58 -1955 [main] INFO    - Mapped "{[/shangpai/add]}" onto public com.utils.R com.controller.ShangpaiController.add(com.entity.ShangpaiEntity,javax.servlet.http.HttpServletRequest)
2026-06-12 21:31:58 -1956 [main] INFO    - Mapped "{[/shangpai/update]}" onto public com.utils.R com.controller.ShangpaiController.update(com.entity.ShangpaiEntity,javax.servlet.http.HttpServletRequest)
2026-06-12 21:31:58 -1956 [main] INFO    - Mapped "{[/shangpai/apply]}" onto public com.utils.R com.controller.ShangpaiController.apply(com.entity.ShangpaiEntity,javax.servlet.http.HttpServletRequest)
2026-06-12 21:31:58 -1956 [main] INFO    - Mapped "{[/shangpai/list]}" onto public com.utils.R com.controller.ShangpaiController.list(java.util.Map<java.lang.String, java.lang.Object>,javax.servlet.http.HttpServletRequest)
2026-06-12 21:31:58 -1957 [main] INFO    - Mapped "{[/shangpai/info/{id}]}" onto public com.utils.R com.controller.ShangpaiController.info(java.lang.Long)
2026-06-12 21:31:58 -1957 [main] INFO    - Mapped "{[/shangpai/delete]}" onto public com.utils.R com.controller.ShangpaiController.delete(java.lang.Integer)
2026-06-12 21:31:58 -1957 [main] INFO    - Mapped "{[/shangpai/save]}" onto public com.utils.R com.controller.ShangpaiController.save(com.entity.ShangpaiEntity,javax.servlet.http.HttpServletRequest)
2026-06-12 21:31:58 -1958 [main] INFO    - Mapped "{[/shangpai/page]}" onto public com.utils.R com.controller.ShangpaiController.page(java.util.Map<java.lang.String, java.lang.Object>,javax.servlet.http.HttpServletRequest)
2026-06-12 21:31:58 -1958 [main] INFO    - Mapped "{[/shangpai/xuanzhe]}" onto public com.utils.R com.controller.ShangpaiController.xuanzhe(java.lang.Integer,javax.servlet.http.HttpServletRequest)
2026-06-12 21:31:58 -1959 [main] INFO    - Mapped "{[/shangpai/shenhe]}" onto public com.utils.R com.controller.ShangpaiController.shenhe(java.lang.Integer,java.lang.Integer)
2026-06-12 21:31:58 -1959 [main] INFO    - Mapped "{[/shangpai/detail/{id}]}" onto public com.utils.R com.controller.ShangpaiController.detail(java.lang.Long)
2026-06-12 21:31:58 -1959 [main] INFO    - Mapped "{[/shangpai/progress/{id}]}" onto public com.utils.R com.controller.ShangpaiController.progressDetail(java.lang.Long,javax.servlet.http.HttpServletRequest)
2026-06-12 21:31:58 -2033 [main] DEBUG   - Cannot find javax.persistence.Persistence on classpath. Assuming non JPA 2 environment. All properties will per default be traversable.
2026-06-12 21:31:58 -2034 [main] DEBUG   - Setting custom MessageInterpolator of type org.springframework.validation.beanvalidation.LocaleContextMessageInterpolator
2026-06-12 21:31:58 -2034 [main] DEBUG   - Setting custom ParameterNameProvider of type org.springframework.validation.beanvalidation.LocalValidatorFactoryBean$1
2026-06-12 21:31:58 -2034 [main] DEBUG   - Trying to load META-INF/validation.xml for XML based Validator configuration.
2026-06-12 21:31:58 -2034 [main] DEBUG   - Trying to load META-INF/validation.xml via TCCL
2026-06-12 21:31:58 -2034 [main] DEBUG   - Trying to load META-INF/validation.xml via Hibernate Validator's class loader
2026-06-12 21:31:58 -2035 [main] DEBUG   - No META-INF/validation.xml found. Using annotation based configuration only.
2026-06-12 21:31:58 -2037 [main] INFO    - Looking for @ControllerAdvice: org.springframework.test.web.servlet.setup.StubWebApplicationContext@14924f41
2026-06-12 21:31:58 -2040 [main] DEBUG   - Looking for exception mappings: org.springframework.test.web.servlet.setup.StubWebApplicationContext@14924f41
2026-06-12 21:31:58 -2042 [main] DEBUG   - Initializing servlet ''
2026-06-12 21:31:58 -2042 [main] INFO    - Initializing Spring FrameworkServlet ''
2026-06-12 21:31:58 -2042 [main] INFO    - FrameworkServlet '': initialization started
2026-06-12 21:31:58 -2043 [main] DEBUG   - Unable to locate MultipartResolver with name 'multipartResolver': no multipart request handling provided
2026-06-12 21:31:58 -2043 [main] DEBUG   - Using LocaleResolver [org.springframework.web.servlet.i18n.AcceptHeaderLocaleResolver@17b37e9a]
2026-06-12 21:31:58 -2043 [main] DEBUG   - Using ThemeResolver [org.springframework.web.servlet.theme.FixedThemeResolver@6bcb12e6]
2026-06-12 21:31:58 -2043 [main] DEBUG   - Using RequestToViewNameTranslator [org.springframework.web.servlet.view.DefaultRequestToViewNameTranslator@111d5c97]
2026-06-12 21:31:58 -2043 [main] DEBUG   - Using FlashMapManager [org.springframework.web.servlet.support.SessionFlashMapManager@29c17c3d]
2026-06-12 21:31:58 -2043 [main] DEBUG   - Published WebApplicationContext of servlet '' as ServletContext attribute with name [org.springframework.web.servlet.FrameworkServlet.CONTEXT.]
2026-06-12 21:31:58 -2044 [main] INFO    - FrameworkServlet '': initialization completed in 2 ms
2026-06-12 21:31:58 -2044 [main] DEBUG   - Servlet '' configured successfully
2026-06-12 21:31:58 -2045 [main] DEBUG   - DispatcherServlet with name '' processing GET request for [/shangpai/progress]
2026-06-12 21:31:58 -2045 [main] DEBUG   - Looking up handler method for path /shangpai/progress
2026-06-12 21:31:58 -2045 [main] DEBUG   - Returning handler method [public com.utils.R com.controller.ShangpaiController.progress(java.util.Map<java.lang.String, java.lang.Object>,javax.servlet.http.HttpServletRequest)]
2026-06-12 21:31:58 -2045 [main] DEBUG   - Last-Modified value for [/shangpai/progress] is: -1
2026-06-12 21:31:58 -2049 [main] DEBUG   - progress鏂规硶:,,Controller:com.controller.ShangpaiController,,params:{}
2026-06-12 21:31:58 -2053 [main] DEBUG   - Written [{code=0, data=com.utils.PageUtils@3ba3d4b6}] as "application/json" using [org.springframework.http.converter.json.MappingJackson2HttpMessageConverter@51b77cdf]
2026-06-12 21:31:58 -2053 [main] DEBUG   - Null ModelAndView returned to DispatcherServlet with name '': assuming HandlerAdapter completed request handling
2026-06-12 21:31:58 -2054 [main] DEBUG   - Successfully completed request
2026-06-12 21:31:58 -2054 [main] DEBUG   - Evaluating path: $['code']
2026-06-12 21:31:58 -2054 [main] DEBUG   - Evaluating path: $['data']
2026-06-12 21:31:58 -2054 [main] DEBUG   - Evaluating path: $['data']['total']
]]></system-out>
  </testcase>
</testsuite>